[Tue, 2. Mar 2021 00:50:14 UTC | ID 390045370240991234] Nyomud: -stats --bypass
[Tue, 2. Mar 2021 00:50:15 UTC | ID 510436392615280641] Ryuji: 
[Tue, 2. Mar 2021 00:50:35 UTC | ID 390045370240991234] Nyomud: xstats --bypass
[Tue, 2. Mar 2021 00:50:36 UTC | ID 690736793682968576] Disc 11: 
[Tue, 2. Mar 2021 01:39:51 UTC | ID 390045370240991234] Nyomud: gamemode creative bgsd
[Tue, 2. Mar 2021 01:40:06 UTC | ID 390045370240991234] Nyomud: time set nigh
[Tue, 2. Mar 2021 01:40:09 UTC | ID 390045370240991234] Nyomud: time set night
[Tue, 2. Mar 2021 01:41:44 UTC | ID 390045370240991234] Nyomud: time set day
[Tue, 2. Mar 2021 04:41:54 UTC | ID 390045370240991234] Nyomud: time set night
[Tue, 2. Mar 2021 04:55:04 UTC | ID 390045370240991234] Nyomud: time set midnight
[Tue, 2. Mar 2021 05:09:35 UTC | ID 390045370240991234] Nyomud: time set night
[Tue, 2. Mar 2021 05:11:20 UTC | ID 390045370240991234] Nyomud: gamemode survival unethicall
[Tue, 2. Mar 2021 05:11:26 UTC | ID 390045370240991234] Nyomud: gamemode survival bgsd
[Tue, 2. Mar 2021 05:13:07 UTC | ID 390045370240991234] Nyomud: give bgsd torch
[Tue, 2. Mar 2021 05:18:31 UTC | ID 390045370240991234] Nyomud: give bgsd birch_plank 2
[Tue, 2. Mar 2021 05:18:39 UTC | ID 390045370240991234] Nyomud: give bgsd birch_wood_plank 2
[Tue, 2. Mar 2021 05:18:47 UTC | ID 390045370240991234] Nyomud: gamemode creative bgsd
[Tue, 2. Mar 2021 05:19:14 UTC | ID 390045370240991234] Nyomud: gamemode survival bgsd
[Tue, 2. Mar 2021 05:45:48 UTC | ID 390045370240991234] Nyomud: gamemode creative bgsd
[Tue, 2. Mar 2021 05:46:51 UTC | ID 390045370240991234] Nyomud: gamemode survival bgsd
[Tue, 2. Mar 2021 05:51:51 UTC | ID 390045370240991234] Nyomud: gamemode creative bgsd
[Tue, 2. Mar 2021 05:53:02 UTC | ID 390045370240991234] Nyomud: gamemode survival bgsd
[Tue, 2. Mar 2021 05:54:26 UTC | ID 390045370240991234] Nyomud: gamemode creative bgsd
[Tue, 2. Mar 2021 05:55:09 UTC | ID 390045370240991234] Nyomud: gamemode survival bgsd
[Tue, 2. Mar 2021 05:56:16 UTC | ID 390045370240991234] Nyomud: give unethicall soul_sand
[Tue, 2. Mar 2021 05:56:31 UTC | ID 390045370240991234] Nyomud: give bgsd soul_sand
[Tue, 2. Mar 2021 05:56:51 UTC | ID 390045370240991234] Nyomud: give bgsd magma_block
[Tue, 2. Mar 2021 06:02:27 UTC | ID 390045370240991234] Nyomud: gamemode creative bgsd
[Tue, 2. Mar 2021 06:02:37 UTC | ID 390045370240991234] Nyomud: gamemode survival bgsd
[Tue, 2. Mar 2021 06:04:40 UTC | ID 390045370240991234] Nyomud: gamemode creative bgsd
[Tue, 2. Mar 2021 06:07:01 UTC | ID 390045370240991234] Nyomud: sumoon villager
[Tue, 2. Mar 2021 06:12:05 UTC | ID 390045370240991234] Nyomud: gamemode survival bgsd
[Tue, 2. Mar 2021 06:14:34 UTC | ID 390045370240991234] Nyomud: gamemode creative bgsd
[Tue, 2. Mar 2021 06:15:15 UTC | ID 390045370240991234] Nyomud: summon villager
[Tue, 2. Mar 2021 08:41:10 UTC | ID 390045370240991234] Nyomud: gamemode survival bgsd
[Tue, 2. Mar 2021 09:09:17 UTC | ID 390045370240991234] Nyomud: gamemode creative bgsd
[Tue, 2. Mar 2021 10:16:36 UTC | ID 390045370240991234] Nyomud: gamemode spectator bgsd
[Tue, 2. Mar 2021 10:17:23 UTC | ID 390045370240991234] Nyomud: gamemode creative bgsd
[Tue, 2. Mar 2021 10:29:52 UTC | ID 390045370240991234] Nyomud: gamemode survival bgsd
[Tue, 2. Mar 2021 10:33:26 UTC | ID 390045370240991234] Nyomud: gamemode creative bgsd
[Tue, 2. Mar 2021 10:39:44 UTC | ID 390045370240991234] Nyomud: gamemode survival bgsd
[Tue, 2. Mar 2021 10:40:00 UTC | ID 390045370240991234] Nyomud: stop
[Tue, 2. Mar 2021 10:47:20 UTC | ID 390045370240991234] Nyomud: gamemode creative bgsd
[Tue, 2. Mar 2021 10:48:17 UTC | ID 390045370240991234] Nyomud: gamemode survival bgsd
[Tue, 2. Mar 2021 10:49:07 UTC | ID 390045370240991234] Nyomud: stop
[Tue, 2. Mar 2021 11:21:40 UTC | ID 390045370240991234] Nyomud: weather thunder
[Tue, 2. Mar 2021 11:24:30 UTC | ID 390045370240991234] Nyomud: gamerule mobGriefing false
[Tue, 2. Mar 2021 11:24:37 UTC | ID 390045370240991234] Nyomud: gamerule mobGriefing false
[Tue, 2. Mar 2021 13:28:24 UTC | ID 390045370240991234] Nyomud: gamemode creative bgsd
[Tue, 2. Mar 2021 13:29:09 UTC | ID 390045370240991234] Nyomud: gamemode survival bgsd
[Tue, 2. Mar 2021 13:29:49 UTC | ID 390045370240991234] Nyomud: stop
[Tue, 2. Mar 2021 15:40:05 UTC | ID 390045370240991234] Nyomud: give bgsd cobblestone 64
[Tue, 2. Mar 2021 15:41:23 UTC | ID 390045370240991234] Nyomud: give bgsd furnace 4
[Tue, 2. Mar 2021 15:42:09 UTC | ID 390045370240991234] Nyomud: give bgsd raw_beef 64
[Tue, 2. Mar 2021 15:42:21 UTC | ID 390045370240991234] Nyomud: give bgsd raw_pork 64
[Tue, 2. Mar 2021 15:42:33 UTC | ID 390045370240991234] Nyomud: give bgsd potato 64
[Tue, 2. Mar 2021 15:45:52 UTC | ID 390045370240991234] Nyomud: give bgsd cobblestone 64
[Tue, 2. Mar 2021 15:55:25 UTC | ID 390045370240991234] Nyomud: weather thunder
[Tue, 2. Mar 2021 15:59:46 UTC | ID 390045370240991234] Nyomud: WEATHER THUNDER
[Tue, 2. Mar 2021 16:00:10 UTC | ID 390045370240991234] Nyomud: weather thunder
[Tue, 2. Mar 2021 16:01:20 UTC | ID 390045370240991234] Nyomud: weather thunder
[Tue, 2. Mar 2021 16:03:07 UTC | ID 390045370240991234] Nyomud: give bgsd minecart
[Tue, 2. Mar 2021 16:08:20 UTC | ID 390045370240991234] Nyomud: weather thunder
[Tue, 2. Mar 2021 16:08:41 UTC | ID 390045370240991234] Nyomud: gamemode creative unethicall
[Tue, 2. Mar 2021 16:08:45 UTC | ID 390045370240991234] Nyomud: gamemode creative bgsd
[Tue, 2. Mar 2021 16:09:36 UTC | ID 390045370240991234] Nyomud: gamemode survival bgsd
[Tue, 2. Mar 2021 16:13:21 UTC | ID 390045370240991234] Nyomud: gamemode creative bgsd
[Tue, 2. Mar 2021 16:14:44 UTC | ID 390045370240991234] Nyomud: summon villager
[Tue, 2. Mar 2021 16:14:44 UTC | ID 390045370240991234] Nyomud: summon villager
[Tue, 2. Mar 2021 16:14:45 UTC | ID 390045370240991234] Nyomud: summon villager
[Tue, 2. Mar 2021 16:14:46 UTC | ID 390045370240991234] Nyomud: summon villager
[Tue, 2. Mar 2021 16:14:46 UTC | ID 390045370240991234] Nyomud: summon villager
[Tue, 2. Mar 2021 16:17:46 UTC | ID 390045370240991234] Nyomud: gamemode survival bgsd
[Tue, 2. Mar 2021 16:31:56 UTC | ID 390045370240991234] Nyomud: restart
[Tue, 2. Mar 2021 16:33:06 UTC | ID 390045370240991234] Nyomud: weather thunder
[Tue, 2. Mar 2021 17:17:19 UTC | ID 390045370240991234] Nyomud: Kick bgsd
