[Wed, 3. Mar 2021 11:21:12 WIB | ID 390045370240991234] Nyomud: weather thunder
[Wed, 3. Mar 2021 11:21:13 WIB | ID 510436392615280641] Ryuji: 
[Wed, 3. Mar 2021 11:26:39 WIB | ID 390045370240991234] Nyomud: weather thunder
[Wed, 3. Mar 2021 11:33:10 WIB | ID 390045370240991234] Nyomud: weather thunder
[Wed, 3. Mar 2021 11:36:16 WIB | ID 390045370240991234] Nyomud: give bgsd powered_rail
[Wed, 3. Mar 2021 11:36:43 WIB | ID 390045370240991234] Nyomud: give bgsd powered_rail 2
[Wed, 3. Mar 2021 11:36:58 WIB | ID 390045370240991234] Nyomud: give bgsd redstone_block 2
[Wed, 3. Mar 2021 11:37:46 WIB | ID 390045370240991234] Nyomud: give bgsd minecart 2
[Wed, 3. Mar 2021 11:45:27 WIB | ID 390045370240991234] Nyomud: gamemode creative bgsd
[Wed, 3. Mar 2021 11:50:07 WIB | ID 390045370240991234] Nyomud: gamemode survival bgsd
[Wed, 3. Mar 2021 11:51:08 WIB | ID 390045370240991234] Nyomud: give bgsd bamboo 64
[Wed, 3. Mar 2021 11:52:13 WIB | ID 390045370240991234] Nyomud: give bgsd cobblestone 64
[Wed, 3. Mar 2021 11:54:19 WIB | ID 390045370240991234] Nyomud: weather thunder
[Wed, 3. Mar 2021 11:58:08 WIB | ID 390045370240991234] Nyomud: weather thunder
[Wed, 3. Mar 2021 12:04:29 WIB | ID 390045370240991234] Nyomud: weather thunder
[Wed, 3. Mar 2021 12:10:20 WIB | ID 390045370240991234] Nyomud: weather thunder
[Wed, 3. Mar 2021 12:14:01 WIB | ID 390045370240991234] Nyomud: give bgsd mutton
[Wed, 3. Mar 2021 12:14:07 WIB | ID 390045370240991234] Nyomud: give bgsd mutton 64
[Wed, 3. Mar 2021 13:12:41 WIB | ID 390045370240991234] Nyomud: weather thunder
[Wed, 3. Mar 2021 13:22:33 WIB | ID 390045370240991234] Nyomud: weather tnunder
[Wed, 3. Mar 2021 13:22:45 WIB | ID 390045370240991234] Nyomud: weather thunder
[Wed, 3. Mar 2021 13:33:48 WIB | ID 390045370240991234] Nyomud: weather thunder
[Wed, 3. Mar 2021 13:39:18 WIB | ID 390045370240991234] Nyomud: weather thunder
[Wed, 3. Mar 2021 13:42:46 WIB | ID 390045370240991234] Nyomud: effect give bgsd
[Wed, 3. Mar 2021 13:42:53 WIB | ID 390045370240991234] Nyomud: effect give bgsd bad_omen
[Wed, 3. Mar 2021 13:44:28 WIB | ID 390045370240991234] Nyomud: weather thunde
[Wed, 3. Mar 2021 13:44:31 WIB | ID 390045370240991234] Nyomud: weather thunder
[Wed, 3. Mar 2021 13:45:21 WIB | ID 390045370240991234] Nyomud: effect give bgsd bad_omen
[Wed, 3. Mar 2021 13:47:02 WIB | ID 390045370240991234] Nyomud: gamemode creative bgsd
[Wed, 3. Mar 2021 13:48:01 WIB | ID 390045370240991234] Nyomud: gamemode survival bgsd
[Wed, 3. Mar 2021 13:48:09 WIB | ID 390045370240991234] Nyomud: effect give bgsd bad_omen
[Wed, 3. Mar 2021 14:10:02 WIB | ID 390045370240991234] Nyomud: weather thunder
[Wed, 3. Mar 2021 14:17:00 WIB | ID 390045370240991234] Nyomud: give bgsd glass 64
[Wed, 3. Mar 2021 14:18:34 WIB | ID 390045370240991234] Nyomud: give bgsd glass 64
[Wed, 3. Mar 2021 14:19:53 WIB | ID 390045370240991234] Nyomud: give bgsd glass 64
[Wed, 3. Mar 2021 14:20:30 WIB | ID 390045370240991234] Nyomud: weather thunder
[Wed, 3. Mar 2021 14:25:21 WIB | ID 390045370240991234] Nyomud: weather thunder
[Wed, 3. Mar 2021 14:32:04 WIB | ID 390045370240991234] Nyomud: weather thunder
[Wed, 3. Mar 2021 14:40:26 WIB | ID 390045370240991234] Nyomud: weather thunder
[Wed, 3. Mar 2021 14:42:00 WIB | ID 390045370240991234] Nyomud: give bgsd gold_block 5
[Wed, 3. Mar 2021 14:51:05 WIB | ID 390045370240991234] Nyomud: give bgsd minecart
[Wed, 3. Mar 2021 15:00:27 WIB | ID 390045370240991234] Nyomud: gamemode creative bgsd
[Wed, 3. Mar 2021 15:05:28 WIB | ID 390045370240991234] Nyomud: gamerule randomTickSpeed 9
[Wed, 3. Mar 2021 15:06:20 WIB | ID 390045370240991234] Nyomud: gamemode survival bgsd
[Wed, 3. Mar 2021 16:57:48 WIB | ID 390045370240991234] Nyomud: weather thunder
[Wed, 3. Mar 2021 16:59:52 WIB | ID 390045370240991234] Nyomud: give kntl diamond_axe
[Wed, 3. Mar 2021 17:03:16 WIB | ID 390045370240991234] Nyomud: weather thunder
[Wed, 3. Mar 2021 17:08:49 WIB | ID 390045370240991234] Nyomud: weather thunder
[Wed, 3. Mar 2021 17:13:56 WIB | ID 390045370240991234] Nyomud: weather thunder
[Wed, 3. Mar 2021 17:19:07 WIB | ID 390045370240991234] Nyomud: weather thunder
[Wed, 3. Mar 2021 17:19:55 WIB | ID 390045370240991234] Nyomud: give bgsd beef
[Wed, 3. Mar 2021 17:20:00 WIB | ID 390045370240991234] Nyomud: give bgsd beef 63
[Wed, 3. Mar 2021 17:22:36 WIB | ID 390045370240991234] Nyomud: weather thunder
[Wed, 3. Mar 2021 18:04:14 WIB | ID 390045370240991234] Nyomud: weather thunder
[Wed, 3. Mar 2021 18:56:57 WIB | ID 390045370240991234] Nyomud: weather thunder
[Wed, 3. Mar 2021 20:19:48 WIB | ID 390045370240991234] Nyomud: gamerule mobGriefing false
[Wed, 3. Mar 2021 20:20:07 WIB | ID 390045370240991234] Nyomud: gamerule mobGriefing true
[Wed, 3. Mar 2021 20:31:00 WIB | ID 390045370240991234] Nyomud: give kntl lead
