[Sat, 27. Feb 2021 04:41:00 UTC | ID 390045370240991234] Nyomud: stop
[Sat, 27. Feb 2021 04:51:41 UTC | ID 390045370240991234] Nyomud: execute at @p run summon villager
[Sat, 27. Feb 2021 05:01:46 UTC | ID 390045370240991234] Nyomud: gamemode creative unethicall
[Sat, 27. Feb 2021 05:16:49 UTC | ID 390045370240991234] Nyomud: gamemode survival unethicall
[Sat, 27. Feb 2021 05:17:59 UTC | ID 390045370240991234] Nyomud: save-all
[Sat, 27. Feb 2021 06:03:55 UTC | ID 390045370240991234] Nyomud: memory
[Sat, 27. Feb 2021 06:03:56 UTC | ID 510436392615280641] Ryuji: 
[Sat, 27. Feb 2021 06:42:53 UTC | ID 390045370240991234] Nyomud: gamemode creative unethicall
[Sat, 27. Feb 2021 06:43:05 UTC | ID 390045370240991234] Nyomud: locate end_city
[Sat, 27. Feb 2021 06:43:11 UTC | ID 390045370240991234] Nyomud: op unethicall
[Sat, 27. Feb 2021 06:48:51 UTC | ID 390045370240991234] Nyomud: gamemode survival unethicall
[Sat, 27. Feb 2021 06:50:04 UTC | ID 390045370240991234] Nyomud: gamemode creative unethicall
[Sat, 27. Feb 2021 06:53:45 UTC | ID 390045370240991234] Nyomud: gamemode survival unethicall
[Sat, 27. Feb 2021 06:53:48 UTC | ID 390045370240991234] Nyomud: -prune 99
[Sat, 27. Feb 2021 06:53:50 UTC | ID 510436392615280641] Ryuji: 
[Sat, 27. Feb 2021 06:54:42 UTC | ID 390045370240991234] Nyomud: gamemode creative unethicall
[Sat, 27. Feb 2021 07:03:31 UTC | ID 390045370240991234] Nyomud: gamemode survival unethicall
[Sat, 27. Feb 2021 07:07:04 UTC | ID 390045370240991234] Nyomud: weather thunder
[Sat, 27. Feb 2021 07:07:26 UTC | ID 390045370240991234] Nyomud: weather thunder
[Sat, 27. Feb 2021 07:11:18 UTC | ID 390045370240991234] Nyomud: give unethicall firework 64
[Sat, 27. Feb 2021 07:23:12 UTC | ID 390045370240991234] Nyomud: weather thunder
[Sat, 27. Feb 2021 07:26:43 UTC | ID 390045370240991234] Nyomud: gamemode creative unethicall
[Sat, 27. Feb 2021 07:29:04 UTC | ID 390045370240991234] Nyomud: gamemode creative unethicall
[Sat, 27. Feb 2021 07:29:10 UTC | ID 390045370240991234] Nyomud: gamemode survival unethicall
[Sat, 27. Feb 2021 07:32:19 UTC | ID 390045370240991234] Nyomud: weather thunder
[Sat, 27. Feb 2021 07:37:02 UTC | ID 390045370240991234] Nyomud: weather thunder
[Sat, 27. Feb 2021 07:44:16 UTC | ID 390045370240991234] Nyomud: execute at unethicall run summon lightning_bolt
[Sat, 27. Feb 2021 07:44:16 UTC | ID 390045370240991234] Nyomud: execute at unethicall run summon lightning_bolt
[Sat, 27. Feb 2021 07:44:16 UTC | ID 390045370240991234] Nyomud: execute at unethicall run summon lightning_bolt
[Sat, 27. Feb 2021 07:44:17 UTC | ID 390045370240991234] Nyomud: execute at unethicall run summon lightning_bolt
[Sat, 27. Feb 2021 07:44:17 UTC | ID 390045370240991234] Nyomud: execute at unethicall run summon lightning_bolt
[Sat, 27. Feb 2021 07:44:27 UTC | ID 390045370240991234] Nyomud: execute at unethicall run summon lightning_bolt
[Sat, 27. Feb 2021 07:45:20 UTC | ID 390045370240991234] Nyomud: execute at unethicall run summon lightning_bolt
[Sat, 27. Feb 2021 07:45:20 UTC | ID 390045370240991234] Nyomud: execute at unethicall run summon lightning_bolt
[Sat, 27. Feb 2021 07:45:21 UTC | ID 390045370240991234] Nyomud: execute at unethicall run summon lightning_bolt
[Sat, 27. Feb 2021 07:45:21 UTC | ID 390045370240991234] Nyomud: execute at unethicall run summon lightning_bolt
[Sat, 27. Feb 2021 07:45:22 UTC | ID 390045370240991234] Nyomud: execute at unethicall run summon lightning_bolt
[Sat, 27. Feb 2021 07:45:53 UTC | ID 390045370240991234] Nyomud: execute at unethicall run summon lightning_bolt
[Sat, 27. Feb 2021 07:45:53 UTC | ID 390045370240991234] Nyomud: execute at unethicall run summon lightning_bolt
[Sat, 27. Feb 2021 07:45:54 UTC | ID 390045370240991234] Nyomud: execute at unethicall run summon lightning_bolt
[Sat, 27. Feb 2021 07:45:54 UTC | ID 390045370240991234] Nyomud: execute at unethicall run summon lightning_bolt
[Sat, 27. Feb 2021 08:00:42 UTC | ID 390045370240991234] Nyomud: give unethicall cobblestone 64
[Sat, 27. Feb 2021 08:03:02 UTC | ID 390045370240991234] Nyomud: give unethicall cobblestone 64
[Sat, 27. Feb 2021 08:04:31 UTC | ID 390045370240991234] Nyomud: gamemode creative unethicall
[Sat, 27. Feb 2021 08:05:35 UTC | ID 390045370240991234] Nyomud: gamemode survival unethicall
[Sat, 27. Feb 2021 08:05:41 UTC | ID 390045370240991234] Nyomud: -prune 99
[Sat, 27. Feb 2021 08:05:42 UTC | ID 510436392615280641] Ryuji: 
[Sat, 27. Feb 2021 08:08:43 UTC | ID 390045370240991234] Nyomud: gamemode creative unethicall
[Sat, 27. Feb 2021 08:10:43 UTC | ID 390045370240991234] Nyomud: gamemode survival unethicall
[Sat, 27. Feb 2021 08:10:45 UTC | ID 390045370240991234] Nyomud: -prune 99
[Sat, 27. Feb 2021 08:10:46 UTC | ID 510436392615280641] Ryuji: 
[Sat, 27. Feb 2021 08:13:04 UTC | ID 390045370240991234] Nyomud: weather thunder
[Sat, 27. Feb 2021 08:22:54 UTC | ID 390045370240991234] Nyomud: gamemode creative unethicall
[Sat, 27. Feb 2021 08:33:21 UTC | ID 390045370240991234] Nyomud: gamemode survival unethicall
[Sat, 27. Feb 2021 08:34:54 UTC | ID 390045370240991234] Nyomud: gamemode creative unethicall
[Sat, 27. Feb 2021 08:38:20 UTC | ID 390045370240991234] Nyomud: gamemode survival unethicall
[Sat, 27. Feb 2021 08:38:22 UTC | ID 390045370240991234] Nyomud: -prune 99
[Sat, 27. Feb 2021 08:38:23 UTC | ID 510436392615280641] Ryuji: 
[Sat, 27. Feb 2021 08:39:08 UTC | ID 390045370240991234] Nyomud: gamemode creative unethicall
[Sat, 27. Feb 2021 08:40:16 UTC | ID 390045370240991234] Nyomud: gamemode survival unethicall
[Sat, 27. Feb 2021 08:40:19 UTC | ID 390045370240991234] Nyomud: -prune 99
[Sat, 27. Feb 2021 08:40:20 UTC | ID 510436392615280641] Ryuji: 
[Sat, 27. Feb 2021 08:41:12 UTC | ID 390045370240991234] Nyomud: gamemode creative unethicall
[Sat, 27. Feb 2021 08:41:28 UTC | ID 390045370240991234] Nyomud: gamemode survival unethicall
[Sat, 27. Feb 2021 08:41:31 UTC | ID 390045370240991234] Nyomud: -prune 99
[Sat, 27. Feb 2021 08:41:32 UTC | ID 510436392615280641] Ryuji: 
[Sat, 27. Feb 2021 09:06:22 UTC | ID 390045370240991234] Nyomud: weather thunder
[Sat, 27. Feb 2021 09:06:53 UTC | ID 390045370240991234] Nyomud: effect give unethicall bad_omen
[Sat, 27. Feb 2021 09:07:11 UTC | ID 390045370240991234] Nyomud: execute at unethicall run summon lightning_bolt
[Sat, 27. Feb 2021 09:52:29 UTC | ID 390045370240991234] Nyomud: weather thunder
[Sat, 27. Feb 2021 10:00:20 UTC | ID 390045370240991234] Nyomud: weather thunder
[Sat, 27. Feb 2021 10:05:25 UTC | ID 390045370240991234] Nyomud: weather thunder
[Sat, 27. Feb 2021 10:06:52 UTC | ID 390045370240991234] Nyomud: -prune 99
[Sat, 27. Feb 2021 10:06:53 UTC | ID 510436392615280641] Ryuji: 
[Sat, 27. Feb 2021 11:23:25 UTC | ID 390045370240991234] Nyomud: tp unethicall  -650 ~ -23
[Sat, 27. Feb 2021 11:23:35 UTC | ID 390045370240991234] Nyomud: tp unethicall -650 ~ -23
[Sat, 27. Feb 2021 11:23:52 UTC | ID 390045370240991234] Nyomud: gamemode creative uenthicall
[Sat, 27. Feb 2021 11:24:20 UTC | ID 390045370240991234] Nyomud: tp unethicall -650 ~ -23
[Sat, 27. Feb 2021 11:24:27 UTC | ID 390045370240991234] Nyomud: tp unethicall -650 100 -23
[Sat, 27. Feb 2021 11:24:43 UTC | ID 390045370240991234] Nyomud: tp unethicall -650 80 -23
[Sat, 27. Feb 2021 11:24:46 UTC | ID 390045370240991234] Nyomud: -prune 99
[Sat, 27. Feb 2021 11:24:47 UTC | ID 510436392615280641] Ryuji: 
[Sat, 27. Feb 2021 11:25:14 UTC | ID 390045370240991234] Nyomud: weather thunder
[Sat, 27. Feb 2021 12:09:04 UTC | ID 390045370240991234] Nyomud: weather thunder
[Sat, 27. Feb 2021 12:35:03 UTC | ID 390045370240991234] Nyomud: tp unethicall 15 100 -170
[Sat, 27. Feb 2021 12:35:14 UTC | ID 390045370240991234] Nyomud: tp unethicall 15 100 -170
[Sat, 27. Feb 2021 12:35:24 UTC | ID 390045370240991234] Nyomud: tp unethicall 15 70 -170
[Sat, 27. Feb 2021 13:01:54 UTC | ID 390045370240991234] Nyomud: time set night
[Sat, 27. Feb 2021 13:58:10 UTC | ID 390045370240991234] Nyomud: time set night
[Sat, 27. Feb 2021 13:59:10 UTC | ID 390045370240991234] Nyomud: weather thunder
[Sat, 27. Feb 2021 13:59:13 UTC | ID 390045370240991234] Nyomud: -prune 99
[Sat, 27. Feb 2021 13:59:14 UTC | ID 510436392615280641] Ryuji: 
[Sat, 27. Feb 2021 13:59:16 UTC | ID 390045370240991234] Nyomud: -prune 99
[Sat, 27. Feb 2021 13:59:17 UTC | ID 510436392615280641] Ryuji: 
