[Thu, 4. Mar 2021 08:14:30 WIB | ID 390045370240991234] Nyomud: gamerule mobGriefing false
[Thu, 4. Mar 2021 08:14:46 WIB | ID 390045370240991234] Nyomud: weather thunder
[Thu, 4. Mar 2021 08:20:52 WIB | ID 390045370240991234] Nyomud: gamemode creative bgsd
[Thu, 4. Mar 2021 08:21:51 WIB | ID 390045370240991234] Nyomud: gamemode survival bgsd
[Thu, 4. Mar 2021 08:21:54 WIB | ID 390045370240991234] Nyomud: weather thunder
[Thu, 4. Mar 2021 09:13:50 WIB | ID 390045370240991234] Nyomud: gamemode creative bgsd
[Thu, 4. Mar 2021 09:17:16 WIB | ID 390045370240991234] Nyomud: gamemode survival bgsd
[Thu, 4. Mar 2021 09:19:10 WIB | ID 390045370240991234] Nyomud: diffuclty hard
[Thu, 4. Mar 2021 09:19:27 WIB | ID 390045370240991234] Nyomud: difficulty hard
[Thu, 4. Mar 2021 09:21:15 WIB | ID 390045370240991234] Nyomud: gamemode creative bgsd
[Thu, 4. Mar 2021 09:22:46 WIB | ID 390045370240991234] Nyomud: op bgsd
[Thu, 4. Mar 2021 09:26:27 WIB | ID 390045370240991234] Nyomud: weather thunder
[Thu, 4. Mar 2021 09:26:47 WIB | ID 390045370240991234] Nyomud: give bgsd torch
[Thu, 4. Mar 2021 09:27:22 WIB | ID 390045370240991234] Nyomud: gamemode spectator bgsd
[Thu, 4. Mar 2021 09:27:45 WIB | ID 390045370240991234] Nyomud: gamemode creative bgsd
[Thu, 4. Mar 2021 09:28:19 WIB | ID 390045370240991234] Nyomud: lagg clear
[Thu, 4. Mar 2021 09:28:22 WIB | ID 390045370240991234] Nyomud: gamemode survival bgsd
[Thu, 4. Mar 2021 09:29:06 WIB | ID 390045370240991234] Nyomud: give bgsd water_bucket
[Thu, 4. Mar 2021 09:30:04 WIB | ID 390045370240991234] Nyomud: stop
[Thu, 4. Mar 2021 10:26:11 WIB | ID 390045370240991234] Nyomud: weather thunder
[Thu, 4. Mar 2021 15:55:13 WIB | ID 390045370240991234] Nyomud: gamemode creative bgsd
[Thu, 4. Mar 2021 15:55:13 WIB | ID 510436392615280641] Ryuji: 
[Thu, 4. Mar 2021 15:55:25 WIB | ID 390045370240991234] Nyomud: gamemode survival bgsd
[Thu, 4. Mar 2021 15:56:37 WIB | ID 390045370240991234] Nyomud: summon villager
[Thu, 4. Mar 2021 15:56:38 WIB | ID 390045370240991234] Nyomud: summon villager
[Thu, 4. Mar 2021 15:56:38 WIB | ID 390045370240991234] Nyomud: summon villager
[Thu, 4. Mar 2021 15:56:39 WIB | ID 390045370240991234] Nyomud: summon villager
[Thu, 4. Mar 2021 15:56:39 WIB | ID 390045370240991234] Nyomud: summon villager
[Thu, 4. Mar 2021 15:56:40 WIB | ID 390045370240991234] Nyomud: summon villager
[Thu, 4. Mar 2021 15:57:53 WIB | ID 390045370240991234] Nyomud: give bgsd villager_spawn_egg 2
[Thu, 4. Mar 2021 15:59:41 WIB | ID 390045370240991234] Nyomud: gamemode creative bgsd
[Thu, 4. Mar 2021 16:00:58 WIB | ID 390045370240991234] Nyomud: lagg clear
[Thu, 4. Mar 2021 16:02:06 WIB | ID 390045370240991234] Nyomud: lagg clear
[Thu, 4. Mar 2021 16:04:09 WIB | ID 390045370240991234] Nyomud: lagg clear
[Thu, 4. Mar 2021 16:05:09 WIB | ID 390045370240991234] Nyomud: lagg clear
[Thu, 4. Mar 2021 16:05:13 WIB | ID 390045370240991234] Nyomud: weather thunder
[Thu, 4. Mar 2021 16:05:18 WIB | ID 390045370240991234] Nyomud: gamemode survival bgsd
[Thu, 4. Mar 2021 16:05:23 WIB | ID 390045370240991234] Nyomud: gamerule mobGriefing false
[Thu, 4. Mar 2021 16:05:34 WIB | ID 390045370240991234] Nyomud: effect give bgsd bad_omen
[Thu, 4. Mar 2021 16:05:47 WIB | ID 390045370240991234] Nyomud: give bgsd iron_door 2
[Thu, 4. Mar 2021 16:10:23 WIB | ID 390045370240991234] Nyomud: weather thunder
[Thu, 4. Mar 2021 16:16:40 WIB | ID 390045370240991234] Nyomud: weather thunder
