[Tue, 23. Feb 2021 02:27:29 UTC | ID 390045370240991234] Nyomud: locate stronghold
[Tue, 23. Feb 2021 02:29:01 UTC | ID 390045370240991234] Nyomud: give unethicall cooked_beef 64
[Tue, 23. Feb 2021 02:38:37 UTC | ID 390045370240991234] Nyomud: gamemode unethicall spectator
[Tue, 23. Feb 2021 02:38:50 UTC | ID 390045370240991234] Nyomud: gamemode spectator unethicall
[Tue, 23. Feb 2021 02:41:30 UTC | ID 390045370240991234] Nyomud: gamemode survival unethicall
[Tue, 23. Feb 2021 02:42:16 UTC | ID 390045370240991234] Nyomud: give unethicall stone_button
[Tue, 23. Feb 2021 02:49:31 UTC | ID 390045370240991234] Nyomud: gamemode creative unethicall
[Tue, 23. Feb 2021 02:50:30 UTC | ID 390045370240991234] Nyomud: gamemode survival unethicall
[Tue, 23. Feb 2021 02:50:53 UTC | ID 390045370240991234] Nyomud: gamemode creative unethicall
[Tue, 23. Feb 2021 02:53:06 UTC | ID 390045370240991234] Nyomud: gamemode spectator unethicall
[Tue, 23. Feb 2021 02:54:32 UTC | ID 390045370240991234] Nyomud: gamemode survival unethicall
[Tue, 23. Feb 2021 02:54:55 UTC | ID 390045370240991234] Nyomud: gamemode spectator unethicall
[Tue, 23. Feb 2021 02:55:14 UTC | ID 390045370240991234] Nyomud: gamemode survival unethicall
[Tue, 23. Feb 2021 02:55:32 UTC | ID 390045370240991234] Nyomud: gamemode creative unethicall
[Tue, 23. Feb 2021 02:56:36 UTC | ID 390045370240991234] Nyomud: gamemode spectator unethicall
[Tue, 23. Feb 2021 02:57:00 UTC | ID 390045370240991234] Nyomud: gamemode creative unethicall
[Tue, 23. Feb 2021 02:57:46 UTC | ID 390045370240991234] Nyomud: gamemode spectator unethicall
[Tue, 23. Feb 2021 02:58:34 UTC | ID 390045370240991234] Nyomud: gamemode creative unethicall
[Tue, 23. Feb 2021 02:58:42 UTC | ID 390045370240991234] Nyomud: gamemode spectator unethicall
[Tue, 23. Feb 2021 03:02:00 UTC | ID 390045370240991234] Nyomud: gamemode creative unethicall
[Tue, 23. Feb 2021 03:02:34 UTC | ID 390045370240991234] Nyomud: gamemode spectator unethicall
[Tue, 23. Feb 2021 03:02:51 UTC | ID 390045370240991234] Nyomud: gamemode creative unethicall
[Tue, 23. Feb 2021 03:04:24 UTC | ID 390045370240991234] Nyomud: gamemode spectator tiramitzu
[Tue, 23. Feb 2021 03:04:34 UTC | ID 390045370240991234] Nyomud: gamemode spectator tiramitzu
[Tue, 23. Feb 2021 03:04:41 UTC | ID 390045370240991234] Nyomud: gamemode survival tiramitzu
[Tue, 23. Feb 2021 03:05:51 UTC | ID 390045370240991234] Nyomud: gamemode spectator unethicall
[Tue, 23. Feb 2021 03:06:07 UTC | ID 390045370240991234] Nyomud: gamemode survival unethicall
[Tue, 23. Feb 2021 03:22:08 UTC | ID 390045370240991234] Nyomud: gamemode creative unethicall
[Tue, 23. Feb 2021 03:22:22 UTC | ID 390045370240991234] Nyomud: gamemode survival unethicall
[Tue, 23. Feb 2021 03:54:16 UTC | ID 390045370240991234] Nyomud: give unethicall ender_eye 5
[Tue, 23. Feb 2021 03:57:48 UTC | ID 390045370240991234] Nyomud: gamemode creative unethicall
[Tue, 23. Feb 2021 03:58:17 UTC | ID 390045370240991234] Nyomud: gamemode survival unethicall
[Tue, 23. Feb 2021 04:00:44 UTC | ID 390045370240991234] Nyomud: op unethicall
[Tue, 23. Feb 2021 04:00:56 UTC | ID 390045370240991234] Nyomud: deop unethicall
[Tue, 23. Feb 2021 04:19:50 UTC | ID 390045370240991234] Nyomud: tp unethicall tiramitzu
[Tue, 23. Feb 2021 04:21:25 UTC | ID 390045370240991234] Nyomud: op unethicall
[Tue, 23. Feb 2021 06:08:57 UTC | ID 390045370240991234] Nyomud: give unethicall end_crystall 8
[Tue, 23. Feb 2021 06:09:12 UTC | ID 390045370240991234] Nyomud: give unethicall end_crystal 8
[Tue, 23. Feb 2021 06:25:55 UTC | ID 390045370240991234] Nyomud: tp unethicall pikaprogram
[Tue, 23. Feb 2021 07:31:06 UTC | ID 390045370240991234] Nyomud: gamemode creative unethicall
[Tue, 23. Feb 2021 07:55:40 UTC | ID 390045370240991234] Nyomud: gamemode survival unethicall
[Tue, 23. Feb 2021 07:57:58 UTC | ID 390045370240991234] Nyomud: give unethicall dark_oak_door
[Tue, 23. Feb 2021 07:58:25 UTC | ID 390045370240991234] Nyomud: give unethicall dark_oak_door 2
[Tue, 23. Feb 2021 08:00:51 UTC | ID 390045370240991234] Nyomud: gamemode creative unethicall
[Tue, 23. Feb 2021 08:01:46 UTC | ID 390045370240991234] Nyomud: gamemode survival unethicall
[Tue, 23. Feb 2021 08:08:51 UTC | ID 390045370240991234] Nyomud: give unethicall wooden_shovel
[Tue, 23. Feb 2021 08:11:07 UTC | ID 390045370240991234] Nyomud: give arrow 64
[Tue, 23. Feb 2021 08:11:17 UTC | ID 390045370240991234] Nyomud: give unethicall arrow 64
[Tue, 23. Feb 2021 08:11:57 UTC | ID 390045370240991234] Nyomud: effect give unethicall bad_omen
[Tue, 23. Feb 2021 08:12:36 UTC | ID 390045370240991234] Nyomud: op unethicall
[Tue, 23. Feb 2021 08:16:10 UTC | ID 390045370240991234] Nyomud: give unethicall cooked_beef 64
[Tue, 23. Feb 2021 08:17:38 UTC | ID 390045370240991234] Nyomud: summon villager
[Tue, 23. Feb 2021 08:17:39 UTC | ID 390045370240991234] Nyomud: summon villager
[Tue, 23. Feb 2021 08:17:39 UTC | ID 390045370240991234] Nyomud: summon villager
[Tue, 23. Feb 2021 08:17:39 UTC | ID 390045370240991234] Nyomud: summon villager
[Tue, 23. Feb 2021 08:17:40 UTC | ID 390045370240991234] Nyomud: summon villager
[Tue, 23. Feb 2021 08:17:40 UTC | ID 390045370240991234] Nyomud: summon villager
[Tue, 23. Feb 2021 08:32:17 UTC | ID 390045370240991234] Nyomud: gamemode creative unethicall
[Tue, 23. Feb 2021 10:17:08 UTC | ID 390045370240991234] Nyomud: op unethicall
[Tue, 23. Feb 2021 10:20:23 UTC | ID 390045370240991234] Nyomud: -prune 99
[Tue, 23. Feb 2021 10:20:24 UTC | ID 510436392615280641] Ryuji: 
[Tue, 23. Feb 2021 10:20:27 UTC | ID 390045370240991234] Nyomud: -prune 99
[Tue, 23. Feb 2021 10:20:28 UTC | ID 510436392615280641] Ryuji: 
[Tue, 23. Feb 2021 10:20:32 UTC | ID 390045370240991234] Nyomud: -prune 99
[Tue, 23. Feb 2021 10:20:33 UTC | ID 510436392615280641] Ryuji: 
[Tue, 23. Feb 2021 10:20:35 UTC | ID 390045370240991234] Nyomud: -prune 99
[Tue, 23. Feb 2021 10:20:35 UTC | ID 510436392615280641] Ryuji: 
[Tue, 23. Feb 2021 10:20:39 UTC | ID 390045370240991234] Nyomud: -prune 99
[Tue, 23. Feb 2021 10:20:40 UTC | ID 510436392615280641] Ryuji: 
[Tue, 23. Feb 2021 15:12:03 UTC | ID 390045370240991234] Nyomud: restart
[Tue, 23. Feb 2021 15:17:36 UTC | ID 390045370240991234] Nyomud: time set night
[Tue, 23. Feb 2021 15:17:43 UTC | ID 390045370240991234] Nyomud: weather thunder
[Tue, 23. Feb 2021 15:17:47 UTC | ID 390045370240991234] Nyomud: apo start
[Tue, 23. Feb 2021 15:17:55 UTC | ID 390045370240991234] Nyomud: apo start world
[Tue, 23. Feb 2021 15:22:16 UTC | ID 390045370240991234] Nyomud: apo end
[Tue, 23. Feb 2021 15:22:23 UTC | ID 390045370240991234] Nyomud: apo end world
[Tue, 23. Feb 2021 15:37:20 UTC | ID 390045370240991234] Nyomud: apo reload
[Tue, 23. Feb 2021 15:38:41 UTC | ID 390045370240991234] Nyomud: reload
[Tue, 23. Feb 2021 15:38:46 UTC | ID 390045370240991234] Nyomud: reload confirm
[Tue, 23. Feb 2021 15:44:09 UTC | ID 390045370240991234] Nyomud: effect give unethicall bad_omen
[Tue, 23. Feb 2021 15:46:31 UTC | ID 390045370240991234] Nyomud: difficulty normal
[Tue, 23. Feb 2021 15:48:17 UTC | ID 390045370240991234] Nyomud: give unethicall cooked_meat 64
[Tue, 23. Feb 2021 15:48:26 UTC | ID 390045370240991234] Nyomud: give unethicall cooked_beef 64
[Tue, 23. Feb 2021 15:52:39 UTC | ID 390045370240991234] Nyomud: gamemode creative unethicall
[Tue, 23. Feb 2021 15:53:01 UTC | ID 390045370240991234] Nyomud: gamemode survival unethicall
[Tue, 23. Feb 2021 15:53:22 UTC | ID 390045370240991234] Nyomud: weather thunder
[Tue, 23. Feb 2021 15:53:26 UTC | ID 390045370240991234] Nyomud: apo start world
[Tue, 23. Feb 2021 15:56:44 UTC | ID 390045370240991234] Nyomud: apo end world
[Tue, 23. Feb 2021 16:06:28 UTC | ID 390045370240991234] Nyomud: gamemode creative unethicall
[Tue, 23. Feb 2021 16:09:34 UTC | ID 390045370240991234] Nyomud: gamemode survival unethicall
[Tue, 23. Feb 2021 16:11:26 UTC | ID 390045370240991234] Nyomud: restart
