[Sun, 28. Feb 2021 03:56:39 UTC | ID 390045370240991234] Nyomud: weather thunder
[Sun, 28. Feb 2021 04:07:39 UTC | ID 390045370240991234] Nyomud: locate ocean_monument
[Sun, 28. Feb 2021 04:07:48 UTC | ID 390045370240991234] Nyomud: op unethicall
[Sun, 28. Feb 2021 04:08:06 UTC | ID 390045370240991234] Nyomud: deop unethicall
[Sun, 28. Feb 2021 04:08:07 UTC | ID 390045370240991234] Nyomud: -prune 4
[Sun, 28. Feb 2021 04:08:08 UTC | ID 510436392615280641] Ryuji: 
[Sun, 28. Feb 2021 04:08:09 UTC | ID 390045370240991234] Nyomud: -prune 99
[Sun, 28. Feb 2021 04:08:09 UTC | ID 510436392615280641] Ryuji: 
[Sun, 28. Feb 2021 04:08:12 UTC | ID 390045370240991234] Nyomud: -prune 99
[Sun, 28. Feb 2021 04:08:13 UTC | ID 510436392615280641] Ryuji: 
[Sun, 28. Feb 2021 04:08:23 UTC | ID 390045370240991234] Nyomud: give unethicall cooked_beef 64
[Sun, 28. Feb 2021 04:08:26 UTC | ID 390045370240991234] Nyomud: -prune 99
[Sun, 28. Feb 2021 04:08:27 UTC | ID 510436392615280641] Ryuji: 
[Sun, 28. Feb 2021 04:09:41 UTC | ID 390045370240991234] Nyomud: give unethicall turtle_head
[Sun, 28. Feb 2021 04:10:37 UTC | ID 390045370240991234] Nyomud: gamemode creative unethicall
[Sun, 28. Feb 2021 04:10:55 UTC | ID 390045370240991234] Nyomud: gamemode survival unethicall
[Sun, 28. Feb 2021 04:49:11 UTC | ID 390045370240991234] Nyomud: gamemode creative unethicall
[Sun, 28. Feb 2021 04:52:35 UTC | ID 390045370240991234] Nyomud: gamemode survival unethicall
[Sun, 28. Feb 2021 04:53:05 UTC | ID 390045370240991234] Nyomud: gamemode survival unethicall
[Sun, 28. Feb 2021 04:54:01 UTC | ID 390045370240991234] Nyomud: gamemode creative unethicall
[Sun, 28. Feb 2021 04:55:49 UTC | ID 390045370240991234] Nyomud: gamemode survival unethicall
[Sun, 28. Feb 2021 04:55:50 UTC | ID 390045370240991234] Nyomud: -prune 99
[Sun, 28. Feb 2021 04:55:51 UTC | ID 510436392615280641] Ryuji: 
[Sun, 28. Feb 2021 04:56:10 UTC | ID 390045370240991234] Nyomud: gamemode creative unethicall
[Sun, 28. Feb 2021 04:56:26 UTC | ID 390045370240991234] Nyomud: gamemode survival unethicall
[Sun, 28. Feb 2021 05:04:56 UTC | ID 390045370240991234] Nyomud: summon cat
[Sun, 28. Feb 2021 05:05:27 UTC | ID 390045370240991234] Nyomud: summon cat
[Sun, 28. Feb 2021 05:05:35 UTC | ID 390045370240991234] Nyomud: -prune 99
[Sun, 28. Feb 2021 05:05:36 UTC | ID 510436392615280641] Ryuji: 
[Sun, 28. Feb 2021 05:17:41 UTC | ID 390045370240991234] Nyomud: weather thunder
[Sun, 28. Feb 2021 05:18:49 UTC | ID 390045370240991234] Nyomud: gamemode creative unethicall
[Sun, 28. Feb 2021 05:26:10 UTC | ID 390045370240991234] Nyomud: gamemode survival unethicall
[Sun, 28. Feb 2021 05:26:11 UTC | ID 390045370240991234] Nyomud: -prune 99
[Sun, 28. Feb 2021 05:26:13 UTC | ID 510436392615280641] Ryuji: 
[Sun, 28. Feb 2021 06:16:14 UTC | ID 390045370240991234] Nyomud: stop
