[Sat, 13. Mar 2021 06:07:32 WIB | ID 390045370240991234] rafi ALfarrasy: stop
[Sat, 13. Mar 2021 07:50:59 WIB | ID 390045370240991234] rafi ALfarrasy: gamemode survival bgsd
[Sat, 13. Mar 2021 07:51:36 WIB | ID 390045370240991234] rafi ALfarrasy: weather thunder
[Sat, 13. Mar 2021 07:55:27 WIB | ID 390045370240991234] rafi ALfarrasy: weather thunder
[Sat, 13. Mar 2021 08:05:24 WIB | ID 390045370240991234] rafi ALfarrasy: give bgsd villager_spawn_egg 64
[Sat, 13. Mar 2021 08:07:02 WIB | ID 390045370240991234] rafi ALfarrasy: give bgsd item_frame 64
[Sat, 13. Mar 2021 08:07:37 WIB | ID 390045370240991234] rafi ALfarrasy: give bgsd empty_map
[Sat, 13. Mar 2021 08:07:42 WIB | ID 390045370240991234] rafi ALfarrasy: gamemode creative bgsd
[Sat, 13. Mar 2021 08:20:05 WIB | ID 390045370240991234] rafi ALfarrasy: locate village
[Sat, 13. Mar 2021 08:21:03 WIB | ID 390045370240991234] rafi ALfarrasy: gamemode survival bgsd
[Sat, 13. Mar 2021 08:22:26 WIB | ID 390045370240991234] rafi ALfarrasy: gamemode survival bgsd
[Sat, 13. Mar 2021 08:22:31 WIB | ID 390045370240991234] rafi ALfarrasy: gamemode creative bgsd
[Sat, 13. Mar 2021 08:27:35 WIB | ID 390045370240991234] rafi ALfarrasy: gamemode survival bgsd
[Sat, 13. Mar 2021 08:28:05 WIB | ID 390045370240991234] rafi ALfarrasy: save-all
[Sat, 13. Mar 2021 08:34:24 WIB | ID 390045370240991234] rafi ALfarrasy: weather thunder
[Sat, 13. Mar 2021 08:58:07 WIB | ID 390045370240991234] rafi ALfarrasy: weather thunder
[Sat, 13. Mar 2021 08:58:12 WIB | ID 390045370240991234] rafi ALfarrasy: effect give bgsd bad_omen
[Sat, 13. Mar 2021 09:05:20 WIB | ID 390045370240991234] rafi ALfarrasy: gamemode creative bgsd
[Sat, 13. Mar 2021 09:08:58 WIB | ID 390045370240991234] rafi ALfarrasy: gamemode survival bgsd
[Sat, 13. Mar 2021 09:09:15 WIB | ID 390045370240991234] rafi ALfarrasy: weather thunder
[Sat, 13. Mar 2021 09:15:01 WIB | ID 390045370240991234] rafi ALfarrasy: gamemode creative unethicall
[Sat, 13. Mar 2021 09:15:09 WIB | ID 390045370240991234] rafi ALfarrasy: gameode creative bgsd
[Sat, 13. Mar 2021 09:15:17 WIB | ID 390045370240991234] rafi ALfarrasy: gamemode creative bgsd
[Sat, 13. Mar 2021 09:15:47 WIB | ID 390045370240991234] rafi ALfarrasy: weather thunder
[Sat, 13. Mar 2021 09:15:54 WIB | ID 390045370240991234] rafi ALfarrasy: gamemode survival bgsd
[Sat, 13. Mar 2021 09:16:15 WIB | ID 390045370240991234] rafi ALfarrasy: gamemode creative bgsd
[Sat, 13. Mar 2021 09:20:53 WIB | ID 390045370240991234] rafi ALfarrasy: weather thunder
[Sat, 13. Mar 2021 09:25:30 WIB | ID 390045370240991234] rafi ALfarrasy: gamemode survival bsd
[Sat, 13. Mar 2021 09:25:36 WIB | ID 390045370240991234] rafi ALfarrasy: gamemode survival bgsd
[Sat, 13. Mar 2021 12:54:03 WIB | ID 390045370240991234] rafi ALfarrasy: gamemode creative bgsd
[Sat, 13. Mar 2021 12:54:49 WIB | ID 390045370240991234] rafi ALfarrasy: gamemode survival bgsd
[Sat, 13. Mar 2021 13:07:55 WIB | ID 390045370240991234] rafi ALfarrasy: gamemode spectator bgsd
[Sat, 13. Mar 2021 13:09:18 WIB | ID 390045370240991234] rafi ALfarrasy: gamemode survival bgsd
[Sat, 13. Mar 2021 13:29:34 WIB | ID 390045370240991234] rafi ALfarrasy: gamemode creative bgsd
[Sat, 13. Mar 2021 13:53:14 WIB | ID 390045370240991234] rafi ALfarrasy: gamemode survival bgsd
[Sat, 13. Mar 2021 13:54:47 WIB | ID 390045370240991234] rafi ALfarrasy: gamemode creative bgsd
[Sat, 13. Mar 2021 13:58:31 WIB | ID 390045370240991234] rafi ALfarrasy: gamemode survival bgsd
[Sat, 13. Mar 2021 14:01:33 WIB | ID 390045370240991234] rafi ALfarrasy: gamemode creative bgsd
[Sat, 13. Mar 2021 14:02:28 WIB | ID 390045370240991234] rafi ALfarrasy: op bgsd
[Sat, 13. Mar 2021 14:18:21 WIB | ID 390045370240991234] rafi ALfarrasy: gamemode survival bgsd
[Sat, 13. Mar 2021 14:20:52 WIB | ID 390045370240991234] rafi ALfarrasy: gamemode creative bgsd
[Sat, 13. Mar 2021 14:21:55 WIB | ID 390045370240991234] rafi ALfarrasy: gamemode survival bgsd
[Sat, 13. Mar 2021 14:25:37 WIB | ID 390045370240991234] rafi ALfarrasy: give bgsd spruce_fence
[Sat, 13. Mar 2021 14:28:26 WIB | ID 390045370240991234] rafi ALfarrasy: give bgsd raw_beef 64
[Sat, 13. Mar 2021 14:28:38 WIB | ID 390045370240991234] rafi ALfarrasy: give bgsd raw_meat 64
[Sat, 13. Mar 2021 14:28:46 WIB | ID 390045370240991234] rafi ALfarrasy: give bgsd meat 64
[Sat, 13. Mar 2021 14:28:52 WIB | ID 390045370240991234] rafi ALfarrasy: give bgsd beef 64
[Sat, 13. Mar 2021 15:13:50 WIB | ID 390045370240991234] rafi ALfarrasy: gamemode creative bgsd
[Sat, 13. Mar 2021 15:21:43 WIB | ID 390045370240991234] rafi ALfarrasy: gamemode survival bgsd
