[Mon, 1. Mar 2021 01:08:12 UTC | ID 390045370240991234] Nyomud: weather thunder
[Mon, 1. Mar 2021 01:15:27 UTC | ID 390045370240991234] Nyomud: gamemode creative unethicall
[Mon, 1. Mar 2021 01:17:12 UTC | ID 390045370240991234] Nyomud: gamemode survival unethicall
[Mon, 1. Mar 2021 01:17:16 UTC | ID 390045370240991234] Nyomud: -prune 99
[Mon, 1. Mar 2021 01:17:17 UTC | ID 510436392615280641] Ryuji: 
[Mon, 1. Mar 2021 01:17:59 UTC | ID 390045370240991234] Nyomud: weather thunder
[Mon, 1. Mar 2021 01:19:11 UTC | ID 390045370240991234] Nyomud: gamemode survival unethicall
[Mon, 1. Mar 2021 01:19:19 UTC | ID 390045370240991234] Nyomud: gamemode creative unethicall
[Mon, 1. Mar 2021 02:22:26 UTC | ID 390045370240991234] Nyomud: gamemode survival unethicall
[Mon, 1. Mar 2021 02:27:08 UTC | ID 390045370240991234] Nyomud: gamemode creative unethicall
[Mon, 1. Mar 2021 02:58:43 UTC | ID 390045370240991234] Nyomud: gamemode survival unethicall
[Mon, 1. Mar 2021 03:00:29 UTC | ID 390045370240991234] Nyomud: gamemode creative unethicall
[Mon, 1. Mar 2021 03:01:34 UTC | ID 390045370240991234] Nyomud: gamemode survival unethicall
[Mon, 1. Mar 2021 03:05:43 UTC | ID 390045370240991234] Nyomud: summon iron_golem
[Mon, 1. Mar 2021 03:08:09 UTC | ID 390045370240991234] Nyomud: weather thunder
[Mon, 1. Mar 2021 03:11:56 UTC | ID 390045370240991234] Nyomud: stop
[Mon, 1. Mar 2021 07:38:30 UTC | ID 390045370240991234] Nyomud: gamemode creative unethicall
[Mon, 1. Mar 2021 07:40:11 UTC | ID 390045370240991234] Nyomud: gamemode survival unethicall
[Mon, 1. Mar 2021 07:54:54 UTC | ID 390045370240991234] Nyomud: weather thunder
[Mon, 1. Mar 2021 08:11:40 UTC | ID 390045370240991234] Nyomud: gamemode creative unethicall
[Mon, 1. Mar 2021 08:12:32 UTC | ID 390045370240991234] Nyomud: gamemode survival unethicall
[Mon, 1. Mar 2021 08:13:35 UTC | ID 390045370240991234] Nyomud: gamemode creative unethicall
[Mon, 1. Mar 2021 08:13:47 UTC | ID 390045370240991234] Nyomud: gamemode survival unethicall
[Mon, 1. Mar 2021 08:16:12 UTC | ID 390045370240991234] Nyomud: weather thunder
[Mon, 1. Mar 2021 08:19:54 UTC | ID 390045370240991234] Nyomud: give unethicall bookshelf
[Mon, 1. Mar 2021 08:20:52 UTC | ID 390045370240991234] Nyomud: gamemode creative unethicall
[Mon, 1. Mar 2021 08:21:06 UTC | ID 390045370240991234] Nyomud: gamemode survival unethicall
[Mon, 1. Mar 2021 08:37:37 UTC | ID 390045370240991234] Nyomud: weather thunder
[Mon, 1. Mar 2021 08:59:54 UTC | ID 390045370240991234] Nyomud: execute at unethicall run summon villager
[Mon, 1. Mar 2021 08:59:58 UTC | ID 390045370240991234] Nyomud: execute at unethicall run summon bee
[Mon, 1. Mar 2021 08:59:59 UTC | ID 390045370240991234] Nyomud: execute at unethicall run summon bee
[Mon, 1. Mar 2021 09:00:06 UTC | ID 390045370240991234] Nyomud: execute at bgsd run summon bee
[Mon, 1. Mar 2021 09:00:07 UTC | ID 390045370240991234] Nyomud: execute at bgsd run summon bee
[Mon, 1. Mar 2021 09:00:12 UTC | ID 390045370240991234] Nyomud: execute at bgsd run summon villager
[Mon, 1. Mar 2021 09:23:35 UTC | ID 390045370240991234] Nyomud: give unethicall music_disc_11
[Mon, 1. Mar 2021 09:23:42 UTC | ID 390045370240991234] Nyomud: op unethicall
[Mon, 1. Mar 2021 09:23:57 UTC | ID 390045370240991234] Nyomud: deop unethicall
[Mon, 1. Mar 2021 09:24:03 UTC | ID 390045370240991234] Nyomud: op bgsd
[Mon, 1. Mar 2021 10:06:32 UTC | ID 390045370240991234] Nyomud: gamemode creative unethicall
[Mon, 1. Mar 2021 10:06:36 UTC | ID 390045370240991234] Nyomud: gamemode creative bgsd
[Mon, 1. Mar 2021 10:11:57 UTC | ID 390045370240991234] Nyomud: gamemode survival bgsd
[Mon, 1. Mar 2021 10:13:03 UTC | ID 390045370240991234] Nyomud: weather thunder
[Mon, 1. Mar 2021 10:15:23 UTC | ID 390045370240991234] Nyomud: give unethicall minecarft
[Mon, 1. Mar 2021 10:15:30 UTC | ID 390045370240991234] Nyomud: give unethicall inecart
[Mon, 1. Mar 2021 10:15:35 UTC | ID 390045370240991234] Nyomud: give unethicall minecart
[Mon, 1. Mar 2021 10:15:43 UTC | ID 390045370240991234] Nyomud: give bgsd minecart
[Mon, 1. Mar 2021 10:17:54 UTC | ID 390045370240991234] Nyomud: difficulty
[Mon, 1. Mar 2021 10:18:03 UTC | ID 390045370240991234] Nyomud: difficulty hard
[Mon, 1. Mar 2021 10:18:07 UTC | ID 390045370240991234] Nyomud: weather thunder
[Mon, 1. Mar 2021 10:24:19 UTC | ID 390045370240991234] Nyomud: summon chicken
[Mon, 1. Mar 2021 10:24:48 UTC | ID 390045370240991234] Nyomud: weather thunder
[Mon, 1. Mar 2021 10:26:37 UTC | ID 390045370240991234] Nyomud: difficulty normal
[Mon, 1. Mar 2021 10:30:00 UTC | ID 390045370240991234] Nyomud: weather thunder
[Mon, 1. Mar 2021 10:31:38 UTC | ID 390045370240991234] Nyomud: give bgsd minecart
[Mon, 1. Mar 2021 10:34:54 UTC | ID 390045370240991234] Nyomud: tp bgsd 435 ~ -11
[Mon, 1. Mar 2021 10:35:33 UTC | ID 390045370240991234] Nyomud: tp bgsd 435 ~ -11
[Mon, 1. Mar 2021 10:35:46 UTC | ID 390045370240991234] Nyomud: gamemode creative unethicall
[Mon, 1. Mar 2021 10:35:52 UTC | ID 390045370240991234] Nyomud: gamemode creative bgsd
[Mon, 1. Mar 2021 10:41:47 UTC | ID 390045370240991234] Nyomud: gamemode survival bgsd
[Mon, 1. Mar 2021 10:41:53 UTC | ID 390045370240991234] Nyomud: give bgsd cooked_beef 63
[Mon, 1. Mar 2021 10:44:17 UTC | ID 390045370240991234] Nyomud: give bgsd saddle
[Mon, 1. Mar 2021 10:47:16 UTC | ID 390045370240991234] Nyomud: give bgsd minecart
[Mon, 1. Mar 2021 10:49:45 UTC | ID 390045370240991234] Nyomud: time set night
[Mon, 1. Mar 2021 10:49:58 UTC | ID 390045370240991234] Nyomud: time set noon
[Mon, 1. Mar 2021 11:20:21 UTC | ID 390045370240991234] Nyomud: give unethicall minecart
[Mon, 1. Mar 2021 11:20:30 UTC | ID 390045370240991234] Nyomud: give bgsd minecart
[Mon, 1. Mar 2021 11:21:01 UTC | ID 390045370240991234] Nyomud: give bgsd minecart
[Mon, 1. Mar 2021 11:23:19 UTC | ID 390045370240991234] Nyomud: time set day
[Mon, 1. Mar 2021 11:24:25 UTC | ID 390045370240991234] Nyomud: give bgsd minecart
[Mon, 1. Mar 2021 11:26:49 UTC | ID 390045370240991234] Nyomud: time set day
[Mon, 1. Mar 2021 11:45:45 UTC | ID 390045370240991234] Nyomud: give bgsd minecart
[Mon, 1. Mar 2021 11:48:13 UTC | ID 390045370240991234] Nyomud: give bgsd minecart
[Mon, 1. Mar 2021 13:56:42 UTC | ID 390045370240991234] Nyomud: weather thunder
[Mon, 1. Mar 2021 14:02:55 UTC | ID 390045370240991234] Nyomud: give bgsd minecart 2
[Mon, 1. Mar 2021 15:03:34 UTC | ID 390045370240991234] Nyomud: weather thunder
[Mon, 1. Mar 2021 15:09:45 UTC | ID 390045370240991234] Nyomud: give bgsd smooth_stoen
[Mon, 1. Mar 2021 15:09:53 UTC | ID 390045370240991234] Nyomud: give bgsd smooth_stone
[Mon, 1. Mar 2021 15:14:51 UTC | ID 390045370240991234] Nyomud: weather thunder
