[Mon, 22. Feb 2021 03:21:07 UTC | ID 390045370240991234] Nyomud: weather thunder
[Mon, 22. Feb 2021 03:32:34 UTC | ID 390045370240991234] Nyomud: reload
[Mon, 22. Feb 2021 03:32:39 UTC | ID 390045370240991234] Nyomud: reload confirm
[Mon, 22. Feb 2021 03:37:13 UTC | ID 390045370240991234] Nyomud: stop
[Mon, 22. Feb 2021 03:38:44 UTC | ID 390045370240991234] Nyomud: op unethicall
[Mon, 22. Feb 2021 03:38:46 UTC | ID 390045370240991234] Nyomud: op tiramitzu
[Mon, 22. Feb 2021 04:05:33 UTC | ID 390045370240991234] Nyomud: deop <@!519646221556776970>
[Mon, 22. Feb 2021 04:05:39 UTC | ID 390045370240991234] Nyomud: deop @a
[Mon, 22. Feb 2021 04:06:02 UTC | ID 390045370240991234] Nyomud: deop Tiramitzu
[Mon, 22. Feb 2021 05:28:28 UTC | ID 390045370240991234] Nyomud: effect give unethicall bad_omen
[Mon, 22. Feb 2021 05:54:43 UTC | ID 390045370240991234] Nyomud: give unethicall iron_block 4
[Mon, 22. Feb 2021 05:55:03 UTC | ID 390045370240991234] Nyomud: give unethicall jack_o_latern
[Mon, 22. Feb 2021 05:55:15 UTC | ID 390045370240991234] Nyomud: gamemode creative unethicall
[Mon, 22. Feb 2021 05:55:19 UTC | ID 390045370240991234] Nyomud: -prune 8
[Mon, 22. Feb 2021 05:55:20 UTC | ID 510436392615280641] Ryuji: 
[Mon, 22. Feb 2021 05:55:47 UTC | ID 390045370240991234] Nyomud: gamemode survival unethicall
[Mon, 22. Feb 2021 06:28:12 UTC | ID 390045370240991234] Nyomud: stop
[Mon, 22. Feb 2021 06:59:31 UTC | ID 390045370240991234] Nyomud: op unethicall
[Mon, 22. Feb 2021 08:36:48 UTC | ID 390045370240991234] Nyomud: top unethicall 9211 160
[Mon, 22. Feb 2021 08:37:03 UTC | ID 390045370240991234] Nyomud: tp unethicall 92 11 160
[Mon, 22. Feb 2021 09:15:34 UTC | ID 390045370240991234] Nyomud: give unethicall chest
[Mon, 22. Feb 2021 09:16:05 UTC | ID 390045370240991234] Nyomud: give unethicall chest 2
[Mon, 22. Feb 2021 09:16:54 UTC | ID 390045370240991234] Nyomud: give unethicall blazer
[Mon, 22. Feb 2021 09:17:02 UTC | ID 390045370240991234] Nyomud: give unethicall blaze
[Mon, 22. Feb 2021 09:17:14 UTC | ID 390045370240991234] Nyomud: give unethicall_blaze_powder
[Mon, 22. Feb 2021 09:17:22 UTC | ID 390045370240991234] Nyomud: give unethicall blaze_powder
[Mon, 22. Feb 2021 09:18:02 UTC | ID 390045370240991234] Nyomud: give unethicall spider_eye
[Mon, 22. Feb 2021 09:48:26 UTC | ID 390045370240991234] Nyomud: give unethicall anvil
[Mon, 22. Feb 2021 09:50:41 UTC | ID 390045370240991234] Nyomud: give unethicall lead
[Mon, 22. Feb 2021 09:51:34 UTC | ID 390045370240991234] Nyomud: give unethicall lead
[Mon, 22. Feb 2021 09:52:46 UTC | ID 390045370240991234] Nyomud: give unethicall wooden_shovel
[Mon, 22. Feb 2021 09:52:52 UTC | ID 390045370240991234] Nyomud: give unethicall wooden_hoe
[Mon, 22. Feb 2021 10:12:43 UTC | ID 390045370240991234] Nyomud: give unethicall spruce_trapdoor
[Mon, 22. Feb 2021 13:51:15 UTC | ID 390045370240991234] Nyomud: give unethicall gold_ingot
[Mon, 22. Feb 2021 15:12:41 UTC | ID 390045370240991234] Nyomud: give unethicall carved_pumpkin 2
[Mon, 22. Feb 2021 15:12:55 UTC | ID 390045370240991234] Nyomud: give unethicall iron_block 8
[Mon, 22. Feb 2021 15:13:20 UTC | ID 390045370240991234] Nyomud: give unethicall nametag 2
[Mon, 22. Feb 2021 15:13:34 UTC | ID 390045370240991234] Nyomud: give unethicall name_tag 2
