[Fri, 26. Feb 2021 01:26:42 UTC | ID 390045370240991234] Nyomud: gamemode creative unethicall
[Fri, 26. Feb 2021 01:26:42 UTC | ID 510436392615280641] Ryuji: 
[Fri, 26. Feb 2021 02:15:24 UTC | ID 390045370240991234] Nyomud: gamemode survival unethicall
[Fri, 26. Feb 2021 02:15:32 UTC | ID 390045370240991234] Nyomud: weather thunder
[Fri, 26. Feb 2021 02:15:51 UTC | ID 390045370240991234] Nyomud: give unethicall cooked_beef 64
[Fri, 26. Feb 2021 02:17:57 UTC | ID 390045370240991234] Nyomud: give unethicall chest 2
[Fri, 26. Feb 2021 02:21:15 UTC | ID 390045370240991234] Nyomud: gamemode creative unethicall
[Fri, 26. Feb 2021 02:24:20 UTC | ID 390045370240991234] Nyomud: gamemode survival unethicall
[Fri, 26. Feb 2021 02:24:50 UTC | ID 390045370240991234] Nyomud: weather thunder
[Fri, 26. Feb 2021 02:30:30 UTC | ID 390045370240991234] Nyomud: weather thunder
[Fri, 26. Feb 2021 02:38:45 UTC | ID 390045370240991234] Nyomud: weather thunder
[Fri, 26. Feb 2021 02:48:26 UTC | ID 390045370240991234] Nyomud: weather thunder
[Fri, 26. Feb 2021 02:54:44 UTC | ID 390045370240991234] Nyomud: weather thunder
[Fri, 26. Feb 2021 03:14:03 UTC | ID 390045370240991234] Nyomud: papi ecloud download Player
[Fri, 26. Feb 2021 03:14:36 UTC | ID 390045370240991234] Nyomud: papi ecloud download Server
[Fri, 26. Feb 2021 03:14:49 UTC | ID 390045370240991234] Nyomud: papi ecloud download Essentials
[Fri, 26. Feb 2021 03:31:36 UTC | ID 390045370240991234] Nyomud: restart
[Fri, 26. Feb 2021 04:01:57 UTC | ID 390045370240991234] Nyomud: reload confirm
[Fri, 26. Feb 2021 04:03:45 UTC | ID 390045370240991234] Nyomud: op Unethicall
[Fri, 26. Feb 2021 04:10:43 UTC | ID 390045370240991234] Nyomud: weather thunder
[Fri, 26. Feb 2021 04:19:47 UTC | ID 390045370240991234] Nyomud: give unethicall sand 64
[Fri, 26. Feb 2021 04:21:22 UTC | ID 390045370240991234] Nyomud: give unethicall poppy
[Fri, 26. Feb 2021 04:24:14 UTC | ID 390045370240991234] Nyomud: give unethicall glass 3
[Fri, 26. Feb 2021 04:25:06 UTC | ID 390045370240991234] Nyomud: execute at @e[type=ravager] run summon bee
[Fri, 26. Feb 2021 04:25:06 UTC | ID 390045370240991234] Nyomud: execute at @e[type=ravager] run summon bee
[Fri, 26. Feb 2021 04:25:06 UTC | ID 390045370240991234] Nyomud: execute at @e[type=ravager] run summon bee
[Fri, 26. Feb 2021 04:25:07 UTC | ID 390045370240991234] Nyomud: execute at @e[type=ravager] run summon bee
[Fri, 26. Feb 2021 04:25:15 UTC | ID 390045370240991234] Nyomud: execute at untehicall run summon bee
[Fri, 26. Feb 2021 04:25:16 UTC | ID 390045370240991234] Nyomud: execute at untehicall run summon bee
[Fri, 26. Feb 2021 04:25:16 UTC | ID 390045370240991234] Nyomud: execute at untehicall run summon bee
[Fri, 26. Feb 2021 04:25:16 UTC | ID 390045370240991234] Nyomud: execute at untehicall run summon bee
[Fri, 26. Feb 2021 04:25:45 UTC | ID 390045370240991234] Nyomud: execute at untehicall run summon bee
[Fri, 26. Feb 2021 04:26:16 UTC | ID 390045370240991234] Nyomud: weather thunder
[Fri, 26. Feb 2021 04:38:21 UTC | ID 390045370240991234] Nyomud: -prune 99
[Fri, 26. Feb 2021 04:38:22 UTC | ID 510436392615280641] Ryuji: 
[Fri, 26. Feb 2021 04:48:27 UTC | ID 390045370240991234] Nyomud: give unethiall cooked_beef 64
[Fri, 26. Feb 2021 04:48:43 UTC | ID 390045370240991234] Nyomud: give unethicall cooked_beef 64
[Fri, 26. Feb 2021 04:54:26 UTC | ID 390045370240991234] Nyomud: save-on
[Fri, 26. Feb 2021 04:54:28 UTC | ID 390045370240991234] Nyomud: save-all
[Fri, 26. Feb 2021 05:00:48 UTC | ID 390045370240991234] Nyomud: reload confirm
[Fri, 26. Feb 2021 05:08:04 UTC | ID 390045370240991234] Nyomud: bb reload
[Fri, 26. Feb 2021 05:10:16 UTC | ID 390045370240991234] Nyomud: bb reload
[Fri, 26. Feb 2021 05:15:38 UTC | ID 390045370240991234] Nyomud: bb reload
[Fri, 26. Feb 2021 05:16:34 UTC | ID 390045370240991234] Nyomud: bb reload
[Fri, 26. Feb 2021 05:21:19 UTC | ID 390045370240991234] Nyomud: ave-all
[Fri, 26. Feb 2021 05:21:26 UTC | ID 390045370240991234] Nyomud: save-all
[Fri, 26. Feb 2021 05:29:28 UTC | ID 390045370240991234] Nyomud: restart
[Fri, 26. Feb 2021 06:05:29 UTC | ID 390045370240991234] Nyomud: weather thunder
[Fri, 26. Feb 2021 06:05:30 UTC | ID 510436392615280641] Ryuji: 
[Fri, 26. Feb 2021 06:12:49 UTC | ID 390045370240991234] Nyomud: gamemode creative unethicall
[Fri, 26. Feb 2021 06:13:54 UTC | ID 390045370240991234] Nyomud: gamemode survival unethicall
[Fri, 26. Feb 2021 06:46:24 UTC | ID 390045370240991234] Nyomud: stop
[Fri, 26. Feb 2021 06:51:34 UTC | ID 390045370240991234] Nyomud: gamemode creative unethicall
[Fri, 26. Feb 2021 07:42:01 UTC | ID 390045370240991234] Nyomud: gamemode survival unethicall
[Fri, 26. Feb 2021 07:42:29 UTC | ID 390045370240991234] Nyomud: weather thunder
[Fri, 26. Feb 2021 08:02:53 UTC | ID 390045370240991234] Nyomud: op unethicall
[Fri, 26. Feb 2021 08:11:03 UTC | ID 390045370240991234] Nyomud: deop UnEthicall
[Fri, 26. Feb 2021 08:34:46 UTC | ID 390045370240991234] Nyomud: give unethicall glass 2
[Fri, 26. Feb 2021 08:35:44 UTC | ID 390045370240991234] Nyomud: save-all
[Fri, 26. Feb 2021 09:42:57 UTC | ID 390045370240991234] Nyomud: give unethicall raw_salmon 64
[Fri, 26. Feb 2021 09:47:21 UTC | ID 390045370240991234] Nyomud: give unethicall bucket
[Fri, 26. Feb 2021 09:50:21 UTC | ID 390045370240991234] Nyomud: give unethicall water_bucket 64
[Fri, 26. Feb 2021 09:50:58 UTC | ID 390045370240991234] Nyomud: gamemode creative unethicall
[Fri, 26. Feb 2021 09:52:44 UTC | ID 390045370240991234] Nyomud: -prune 99
[Fri, 26. Feb 2021 09:52:45 UTC | ID 510436392615280641] Ryuji: 
[Fri, 26. Feb 2021 09:52:48 UTC | ID 390045370240991234] Nyomud: lagg clear
[Fri, 26. Feb 2021 09:53:11 UTC | ID 390045370240991234] Nyomud: gamemode survival unethicall
[Fri, 26. Feb 2021 10:12:34 UTC | ID 390045370240991234] Nyomud: restart
[Fri, 26. Feb 2021 10:15:45 UTC | ID 390045370240991234] Nyomud: op unethicall
[Fri, 26. Feb 2021 10:23:37 UTC | ID 390045370240991234] Nyomud: restart
[Fri, 26. Feb 2021 11:28:02 UTC | ID 390045370240991234] Nyomud: restart
[Fri, 26. Feb 2021 11:29:21 UTC | ID 390045370240991234] Nyomud: deop @a
[Fri, 26. Feb 2021 11:29:21 UTC | ID 510436392615280641] Ryuji: 
[Fri, 26. Feb 2021 11:29:26 UTC | ID 390045370240991234] Nyomud: deop unethicall
[Fri, 26. Feb 2021 11:58:20 UTC | ID 390045370240991234] Nyomud: stop
[Fri, 26. Feb 2021 12:12:45 UTC | ID 390045370240991234] Nyomud: op unethicall
[Fri, 26. Feb 2021 12:18:52 UTC | ID 390045370240991234] Nyomud: op unethicall
[Fri, 26. Feb 2021 13:11:35 UTC | ID 390045370240991234] Nyomud: stop
[Fri, 26. Feb 2021 13:18:04 UTC | ID 390045370240991234] Nyomud: weather thunder
[Fri, 26. Feb 2021 13:25:56 UTC | ID 390045370240991234] Nyomud: tp unethicall blvis
[Fri, 26. Feb 2021 13:26:37 UTC | ID 390045370240991234] Nyomud: tp unethicall blvis
[Fri, 26. Feb 2021 13:30:31 UTC | ID 390045370240991234] Nyomud: give unethicall wither_skeleton_skull 3
[Fri, 26. Feb 2021 13:30:44 UTC | ID 390045370240991234] Nyomud: give unethicall soul_sand 4
[Fri, 26. Feb 2021 13:34:01 UTC | ID 390045370240991234] Nyomud: give uenthicall end_crystal 12
[Fri, 26. Feb 2021 13:34:13 UTC | ID 390045370240991234] Nyomud: give unethicall end_crystal 12
[Fri, 26. Feb 2021 13:38:47 UTC | ID 390045370240991234] Nyomud: tp unethicall blvis
[Fri, 26. Feb 2021 13:39:48 UTC | ID 390045370240991234] Nyomud: give unethicall arrow 64
[Fri, 26. Feb 2021 13:46:14 UTC | ID 390045370240991234] Nyomud: gamemode unethicall
[Fri, 26. Feb 2021 13:47:08 UTC | ID 390045370240991234] Nyomud: gamemode creative unethicall
[Fri, 26. Feb 2021 13:47:44 UTC | ID 390045370240991234] Nyomud: gamemode survival unethicall
[Fri, 26. Feb 2021 13:52:37 UTC | ID 390045370240991234] Nyomud: give unethicall white_bed 64
[Fri, 26. Feb 2021 14:00:03 UTC | ID 390045370240991234] Nyomud: gamemode creative unethicall
[Fri, 26. Feb 2021 14:07:41 UTC | ID 390045370240991234] Nyomud: gamemode survival unethicall
[Fri, 26. Feb 2021 14:09:27 UTC | ID 390045370240991234] Nyomud: give unethicall cooked_beef 64
[Fri, 26. Feb 2021 14:09:30 UTC | ID 390045370240991234] Nyomud: -prune 99
[Fri, 26. Feb 2021 14:09:31 UTC | ID 510436392615280641] Ryuji: 
[Fri, 26. Feb 2021 14:10:08 UTC | ID 390045370240991234] Nyomud: weather thunder
[Fri, 26. Feb 2021 14:23:57 UTC | ID 390045370240991234] Nyomud: give unethicall seaweed 64
[Fri, 26. Feb 2021 14:24:10 UTC | ID 390045370240991234] Nyomud: give unethicall sea)weed 64
[Fri, 26. Feb 2021 14:24:15 UTC | ID 390045370240991234] Nyomud: give unethicall sea_weed 64
[Fri, 26. Feb 2021 14:24:25 UTC | ID 390045370240991234] Nyomud: give unethicall kelp 64
[Fri, 26. Feb 2021 14:24:55 UTC | ID 390045370240991234] Nyomud: give unethicall water_bucket 2
[Fri, 26. Feb 2021 14:25:47 UTC | ID 390045370240991234] Nyomud: give unethicall water_bucket 2
[Fri, 26. Feb 2021 14:25:59 UTC | ID 390045370240991234] Nyomud: give unethicall sponge
[Fri, 26. Feb 2021 14:26:23 UTC | ID 390045370240991234] Nyomud: give unethicall sponge
[Fri, 26. Feb 2021 14:35:35 UTC | ID 390045370240991234] Nyomud: -prune 99
[Fri, 26. Feb 2021 14:35:36 UTC | ID 510436392615280641] Ryuji: 
[Fri, 26. Feb 2021 14:50:37 UTC | ID 390045370240991234] Nyomud: give unethicall stonebrick_stair
[Fri, 26. Feb 2021 14:50:48 UTC | ID 390045370240991234] Nyomud: gamemode creative unethicall
[Fri, 26. Feb 2021 14:51:13 UTC | ID 390045370240991234] Nyomud: gamemode survival unethicall
[Fri, 26. Feb 2021 14:51:18 UTC | ID 390045370240991234] Nyomud: -prune 99
[Fri, 26. Feb 2021 14:51:19 UTC | ID 510436392615280641] Ryuji: 
[Fri, 26. Feb 2021 14:55:35 UTC | ID 390045370240991234] Nyomud: weather thunder
[Fri, 26. Feb 2021 15:04:43 UTC | ID 390045370240991234] Nyomud: -prune 99
[Fri, 26. Feb 2021 15:04:44 UTC | ID 510436392615280641] Ryuji: 
[Fri, 26. Feb 2021 15:18:36 UTC | ID 390045370240991234] Nyomud: weather thunder
[Fri, 26. Feb 2021 15:20:06 UTC | ID 390045370240991234] Nyomud: summon zombie
[Fri, 26. Feb 2021 15:20:07 UTC | ID 390045370240991234] Nyomud: summon zombie
[Fri, 26. Feb 2021 15:20:07 UTC | ID 390045370240991234] Nyomud: summon zombie
[Fri, 26. Feb 2021 15:20:08 UTC | ID 390045370240991234] Nyomud: summon zombie
[Fri, 26. Feb 2021 15:20:08 UTC | ID 390045370240991234] Nyomud: summon zombie
[Fri, 26. Feb 2021 15:20:09 UTC | ID 390045370240991234] Nyomud: summon zombie
[Fri, 26. Feb 2021 15:20:09 UTC | ID 390045370240991234] Nyomud: summon zombie
[Fri, 26. Feb 2021 15:20:09 UTC | ID 390045370240991234] Nyomud: summon zombie
[Fri, 26. Feb 2021 15:20:10 UTC | ID 390045370240991234] Nyomud: summon zombie
[Fri, 26. Feb 2021 15:20:45 UTC | ID 390045370240991234] Nyomud: summon zombie
[Fri, 26. Feb 2021 15:20:45 UTC | ID 390045370240991234] Nyomud: summon zombie
[Fri, 26. Feb 2021 15:20:46 UTC | ID 390045370240991234] Nyomud: summon zombie
[Fri, 26. Feb 2021 15:20:46 UTC | ID 390045370240991234] Nyomud: summon zombie
[Fri, 26. Feb 2021 15:20:47 UTC | ID 390045370240991234] Nyomud: summon zombie
[Fri, 26. Feb 2021 15:20:48 UTC | ID 390045370240991234] Nyomud: summon zombie
[Fri, 26. Feb 2021 15:20:48 UTC | ID 390045370240991234] Nyomud: summon zombie
[Fri, 26. Feb 2021 15:20:49 UTC | ID 390045370240991234] Nyomud: summon zombie
[Fri, 26. Feb 2021 15:20:49 UTC | ID 390045370240991234] Nyomud: summon zombie
[Fri, 26. Feb 2021 15:20:49 UTC | ID 390045370240991234] Nyomud: summon zombie
[Fri, 26. Feb 2021 15:20:55 UTC | ID 390045370240991234] Nyomud: summon zombiesummon zombie
[Fri, 26. Feb 2021 15:20:55 UTC | ID 390045370240991234] Nyomud: summon zombie
[Fri, 26. Feb 2021 15:26:00 UTC | ID 390045370240991234] Nyomud: weather thunder
[Fri, 26. Feb 2021 15:31:26 UTC | ID 390045370240991234] Nyomud: -prune 99
[Fri, 26. Feb 2021 15:31:27 UTC | ID 510436392615280641] Ryuji: 
