[Wed, 24. Feb 2021 01:10:41 UTC | ID 390045370240991234] Nyomud: gamemode creative unethicall
[Wed, 24. Feb 2021 01:10:42 UTC | ID 510436392615280641] Ryuji: 
[Wed, 24. Feb 2021 01:15:48 UTC | ID 390045370240991234] Nyomud: gamemode survival unethicall
[Wed, 24. Feb 2021 01:17:13 UTC | ID 390045370240991234] Nyomud: weather thunder
[Wed, 24. Feb 2021 01:22:44 UTC | ID 390045370240991234] Nyomud: gamemode unethicall creative
[Wed, 24. Feb 2021 01:22:59 UTC | ID 390045370240991234] Nyomud: gamemode creative unethicall
[Wed, 24. Feb 2021 01:23:19 UTC | ID 390045370240991234] Nyomud: gamemode survival unethicall
[Wed, 24. Feb 2021 01:24:33 UTC | ID 390045370240991234] Nyomud: weather thunder
[Wed, 24. Feb 2021 01:24:38 UTC | ID 390045370240991234] Nyomud: summon zombie_villager
[Wed, 24. Feb 2021 01:29:23 UTC | ID 390045370240991234] Nyomud: give unethicall wither_head
[Wed, 24. Feb 2021 01:30:12 UTC | ID 390045370240991234] Nyomud: give unethicall arrow 64
[Wed, 24. Feb 2021 01:34:08 UTC | ID 390045370240991234] Nyomud: gamemode creative unethicall
[Wed, 24. Feb 2021 01:34:46 UTC | ID 390045370240991234] Nyomud: gamemode survival unthicall
[Wed, 24. Feb 2021 01:34:53 UTC | ID 390045370240991234] Nyomud: give unethicall arrow 64
[Wed, 24. Feb 2021 01:35:12 UTC | ID 390045370240991234] Nyomud: gamemode survival unethicall
[Wed, 24. Feb 2021 01:36:39 UTC | ID 390045370240991234] Nyomud: weather thunder
[Wed, 24. Feb 2021 01:37:00 UTC | ID 390045370240991234] Nyomud: weather thunder
[Wed, 24. Feb 2021 01:38:52 UTC | ID 390045370240991234] Nyomud: difficulty hard
[Wed, 24. Feb 2021 01:38:58 UTC | ID 390045370240991234] Nyomud: give unethicall bad_omen
[Wed, 24. Feb 2021 01:39:10 UTC | ID 390045370240991234] Nyomud: effect give unethicall bad_omen
[Wed, 24. Feb 2021 01:42:49 UTC | ID 390045370240991234] Nyomud: weather thunder
[Wed, 24. Feb 2021 01:48:22 UTC | ID 390045370240991234] Nyomud: weather thunder
[Wed, 24. Feb 2021 01:49:13 UTC | ID 390045370240991234] Nyomud: give unethicall arrow 64
[Wed, 24. Feb 2021 02:02:07 UTC | ID 390045370240991234] Nyomud: give unethicall villager_spawn_egg
[Wed, 24. Feb 2021 02:02:14 UTC | ID 390045370240991234] Nyomud: give unethicall villager_spawn_egg
[Wed, 24. Feb 2021 02:05:47 UTC | ID 390045370240991234] Nyomud: give unethicall diamond 22
[Wed, 24. Feb 2021 02:16:16 UTC | ID 390045370240991234] Nyomud: guve unethicall trident
[Wed, 24. Feb 2021 02:16:49 UTC | ID 390045370240991234] Nyomud: give unethicall trident
[Wed, 24. Feb 2021 02:18:26 UTC | ID 390045370240991234] Nyomud: gamemode creative unethicall
[Wed, 24. Feb 2021 02:18:53 UTC | ID 390045370240991234] Nyomud: gamemode survival unethicall
[Wed, 24. Feb 2021 02:26:18 UTC | ID 390045370240991234] Nyomud: gamemode creative unethicall
[Wed, 24. Feb 2021 02:26:27 UTC | ID 390045370240991234] Nyomud: gamemode survival unethicall
[Wed, 24. Feb 2021 02:29:43 UTC | ID 390045370240991234] Nyomud: give unethicall diamond_shovel
[Wed, 24. Feb 2021 02:36:19 UTC | ID 390045370240991234] Nyomud: gamemode creative unethicall
[Wed, 24. Feb 2021 02:40:34 UTC | ID 390045370240991234] Nyomud: gamemode survival unethicall
[Wed, 24. Feb 2021 02:42:31 UTC | ID 390045370240991234] Nyomud: gamemode creative unethicall
[Wed, 24. Feb 2021 02:45:05 UTC | ID 390045370240991234] Nyomud: gamemode survival unethicall
[Wed, 24. Feb 2021 02:45:53 UTC | ID 390045370240991234] Nyomud: gamemode creative unethicall
[Wed, 24. Feb 2021 02:50:08 UTC | ID 390045370240991234] Nyomud: gamemode survival unethicall
[Wed, 24. Feb 2021 02:53:57 UTC | ID 390045370240991234] Nyomud: gamemode creative unethicall
[Wed, 24. Feb 2021 03:08:21 UTC | ID 390045370240991234] Nyomud: gamemode survival unethicall
[Wed, 24. Feb 2021 03:11:39 UTC | ID 390045370240991234] Nyomud: give unethicall bee_spawn_egg
[Wed, 24. Feb 2021 03:11:58 UTC | ID 390045370240991234] Nyomud: give unethicall bee_spawn_egg
[Wed, 24. Feb 2021 03:12:50 UTC | ID 390045370240991234] Nyomud: gamemode creative unethicall
[Wed, 24. Feb 2021 03:17:42 UTC | ID 390045370240991234] Nyomud: gamemode survival unethicall
[Wed, 24. Feb 2021 03:18:57 UTC | ID 390045370240991234] Nyomud: gamemode creative unethicall
[Wed, 24. Feb 2021 03:19:33 UTC | ID 390045370240991234] Nyomud: gamemode survival unethicall
[Wed, 24. Feb 2021 03:20:15 UTC | ID 390045370240991234] Nyomud: gamemode creative unethicall
[Wed, 24. Feb 2021 03:21:15 UTC | ID 390045370240991234] Nyomud: gamemode survival unethicall
[Wed, 24. Feb 2021 03:23:56 UTC | ID 390045370240991234] Nyomud: give unethicall dark_oak_slab
[Wed, 24. Feb 2021 03:24:05 UTC | ID 390045370240991234] Nyomud: give unethicall dark_oak_trapdoor
[Wed, 24. Feb 2021 03:26:12 UTC | ID 390045370240991234] Nyomud: give unethicall iron_hoe
[Wed, 24. Feb 2021 03:27:40 UTC | ID 390045370240991234] Nyomud: gamemode creative unethicall
[Wed, 24. Feb 2021 03:28:38 UTC | ID 390045370240991234] Nyomud: gamemode survival unethicall
[Wed, 24. Feb 2021 03:29:17 UTC | ID 390045370240991234] Nyomud: gamemode creative unethicall
[Wed, 24. Feb 2021 03:29:55 UTC | ID 390045370240991234] Nyomud: gamemode survival unethicall
[Wed, 24. Feb 2021 03:31:39 UTC | ID 390045370240991234] Nyomud: gamemode creative unethicall
[Wed, 24. Feb 2021 03:32:50 UTC | ID 390045370240991234] Nyomud: gamemode survival unethicall
[Wed, 24. Feb 2021 03:35:01 UTC | ID 390045370240991234] Nyomud: give unethicall glass_block 2
[Wed, 24. Feb 2021 03:35:08 UTC | ID 390045370240991234] Nyomud: give unethicall glass 2
[Wed, 24. Feb 2021 03:42:42 UTC | ID 390045370240991234] Nyomud: give unethicall quartz_block
[Wed, 24. Feb 2021 03:42:45 UTC | ID 390045370240991234] Nyomud: give unethicall quartz_block
[Wed, 24. Feb 2021 03:43:33 UTC | ID 390045370240991234] Nyomud: give unethicall trident
[Wed, 24. Feb 2021 03:45:37 UTC | ID 390045370240991234] Nyomud: gamemode creative unethicall
[Wed, 24. Feb 2021 03:46:25 UTC | ID 390045370240991234] Nyomud: gamemode survival unethicall
[Wed, 24. Feb 2021 03:47:41 UTC | ID 390045370240991234] Nyomud: gamemode creative unethicall
[Wed, 24. Feb 2021 03:49:43 UTC | ID 390045370240991234] Nyomud: gamemode survival unethicall
[Wed, 24. Feb 2021 03:57:29 UTC | ID 390045370240991234] Nyomud: restart
[Wed, 24. Feb 2021 04:08:32 UTC | ID 390045370240991234] Nyomud: gamemode creative unethicall
[Wed, 24. Feb 2021 04:12:39 UTC | ID 390045370240991234] Nyomud: gamemode survival unethicall
[Wed, 24. Feb 2021 04:14:56 UTC | ID 390045370240991234] Nyomud: weather thunder
[Wed, 24. Feb 2021 04:18:42 UTC | ID 390045370240991234] Nyomud: weather thunder
[Wed, 24. Feb 2021 04:25:15 UTC | ID 390045370240991234] Nyomud: weather thunder
[Wed, 24. Feb 2021 04:32:12 UTC | ID 390045370240991234] Nyomud: weather thunder
[Wed, 24. Feb 2021 04:37:33 UTC | ID 390045370240991234] Nyomud: weather thunder
[Wed, 24. Feb 2021 04:42:44 UTC | ID 390045370240991234] Nyomud: weather thunder
[Wed, 24. Feb 2021 04:42:55 UTC | ID 390045370240991234] Nyomud: give unethicall raw_beef 64
[Wed, 24. Feb 2021 04:43:06 UTC | ID 390045370240991234] Nyomud: give unethicall cooked_beef 64
[Wed, 24. Feb 2021 04:45:04 UTC | ID 390045370240991234] Nyomud: effect give @p bad_omen
[Wed, 24. Feb 2021 04:47:53 UTC | ID 390045370240991234] Nyomud: weather thunder
[Wed, 24. Feb 2021 04:53:05 UTC | ID 390045370240991234] Nyomud: weather thunder
[Wed, 24. Feb 2021 05:01:35 UTC | ID 390045370240991234] Nyomud: weather thunder
[Wed, 24. Feb 2021 05:02:25 UTC | ID 390045370240991234] Nyomud: clearlag off
[Wed, 24. Feb 2021 05:03:42 UTC | ID 390045370240991234] Nyomud: gamemode creative
[Wed, 24. Feb 2021 05:04:02 UTC | ID 390045370240991234] Nyomud: gamemode creative unethicall
[Wed, 24. Feb 2021 05:05:12 UTC | ID 390045370240991234] Nyomud: gamemode survival unethicall
[Wed, 24. Feb 2021 05:05:31 UTC | ID 390045370240991234] Nyomud: give unethicall villager_spawn_egg 4
[Wed, 24. Feb 2021 05:06:42 UTC | ID 390045370240991234] Nyomud: weather thunder
[Wed, 24. Feb 2021 05:10:51 UTC | ID 390045370240991234] Nyomud: gamemode creative unethicall
[Wed, 24. Feb 2021 05:12:17 UTC | ID 390045370240991234] Nyomud: gamemode survival unethicall
[Wed, 24. Feb 2021 05:12:21 UTC | ID 390045370240991234] Nyomud: -prune 99
[Wed, 24. Feb 2021 05:12:22 UTC | ID 510436392615280641] Ryuji: 
[Wed, 24. Feb 2021 05:15:27 UTC | ID 390045370240991234] Nyomud: weather thunder
[Wed, 24. Feb 2021 05:21:27 UTC | ID 390045370240991234] Nyomud: weather thunder
[Wed, 24. Feb 2021 05:35:04 UTC | ID 390045370240991234] Nyomud: gamemode creative unethicall
[Wed, 24. Feb 2021 05:46:56 UTC | ID 390045370240991234] Nyomud: gamemode survival unethicall
[Wed, 24. Feb 2021 05:49:55 UTC | ID 390045370240991234] Nyomud: give unethicall cooked_chicken
[Wed, 24. Feb 2021 06:22:00 UTC | ID 390045370240991234] Nyomud: stop
[Wed, 24. Feb 2021 08:02:04 UTC | ID 390045370240991234] Nyomud: tp unethicall pikaprogram
[Wed, 24. Feb 2021 08:02:31 UTC | ID 390045370240991234] Nyomud: tp unethicall pikaprogram
[Wed, 24. Feb 2021 08:08:01 UTC | ID 390045370240991234] Nyomud: PM
tp unethicall pikaprogram
[Wed, 24. Feb 2021 08:08:14 UTC | ID 390045370240991234] Nyomud: tp unethicall pikaprogram
[Wed, 24. Feb 2021 08:10:43 UTC | ID 390045370240991234] Nyomud: tp unethicall pikaprogram
[Wed, 24. Feb 2021 08:14:14 UTC | ID 390045370240991234] Nyomud: tp unethicall pikaprogram
[Wed, 24. Feb 2021 08:16:38 UTC | ID 390045370240991234] Nyomud: give unethicall wither_skeleton_skull
[Wed, 24. Feb 2021 08:18:22 UTC | ID 390045370240991234] Nyomud: weather thunder
[Wed, 24. Feb 2021 08:25:21 UTC | ID 390045370240991234] Nyomud: give unethicall glass 5
[Wed, 24. Feb 2021 08:25:54 UTC | ID 390045370240991234] Nyomud: give unethicall obsidian 2
[Wed, 24. Feb 2021 08:32:26 UTC | ID 390045370240991234] Nyomud: give unethicall cobblestone 2
[Wed, 24. Feb 2021 08:32:36 UTC | ID 390045370240991234] Nyomud: give unethicall glass_pane 2
[Wed, 24. Feb 2021 08:35:07 UTC | ID 390045370240991234] Nyomud: gamemode unethicall creative
[Wed, 24. Feb 2021 08:35:33 UTC | ID 390045370240991234] Nyomud: gamemode creative unethicall
[Wed, 24. Feb 2021 08:36:55 UTC | ID 390045370240991234] Nyomud: gamemode survival unethicall
[Wed, 24. Feb 2021 08:39:59 UTC | ID 390045370240991234] Nyomud: gamemode creative unethicall
[Wed, 24. Feb 2021 08:41:25 UTC | ID 390045370240991234] Nyomud: gamemode survival unethicall
[Wed, 24. Feb 2021 08:42:38 UTC | ID 390045370240991234] Nyomud: locate end_city
[Wed, 24. Feb 2021 08:42:45 UTC | ID 390045370240991234] Nyomud: op unethicall
[Wed, 24. Feb 2021 08:42:55 UTC | ID 390045370240991234] Nyomud: deop unethicall
[Wed, 24. Feb 2021 09:12:06 UTC | ID 390045370240991234] Nyomud: weather thunder
[Wed, 24. Feb 2021 09:21:16 UTC | ID 390045370240991234] Nyomud: weather thunder
[Wed, 24. Feb 2021 09:31:18 UTC | ID 390045370240991234] Nyomud: give unethicall netherite_boots
[Wed, 24. Feb 2021 09:46:15 UTC | ID 390045370240991234] Nyomud: weather thunder
[Wed, 24. Feb 2021 09:49:35 UTC | ID 390045370240991234] Nyomud: gamemode creative unethicall
[Wed, 24. Feb 2021 09:52:10 UTC | ID 390045370240991234] Nyomud: gamemode survival unethicall
[Wed, 24. Feb 2021 09:52:14 UTC | ID 390045370240991234] Nyomud: weather thunder
[Wed, 24. Feb 2021 09:52:16 UTC | ID 390045370240991234] Nyomud: -prune10
[Wed, 24. Feb 2021 09:57:41 UTC | ID 390045370240991234] Nyomud: -prune 10
[Wed, 24. Feb 2021 09:57:42 UTC | ID 510436392615280641] Ryuji: 
[Wed, 24. Feb 2021 09:57:44 UTC | ID 390045370240991234] Nyomud: weather thunder
[Wed, 24. Feb 2021 10:19:56 UTC | ID 390045370240991234] Nyomud: op @a
[Wed, 24. Feb 2021 10:20:53 UTC | ID 390045370240991234] Nyomud: deop @a
[Wed, 24. Feb 2021 10:21:01 UTC | ID 390045370240991234] Nyomud: gamemode creative @a
[Wed, 24. Feb 2021 10:21:06 UTC | ID 390045370240991234] Nyomud: gamemode survival @a
[Wed, 24. Feb 2021 11:17:35 UTC | ID 390045370240991234] Nyomud: weather thunder
[Wed, 24. Feb 2021 11:22:48 UTC | ID 390045370240991234] Nyomud: weather thunder
[Wed, 24. Feb 2021 13:10:36 UTC | ID 390045370240991234] Nyomud: weather thunder
[Wed, 24. Feb 2021 13:19:56 UTC | ID 390045370240991234] Nyomud: weather thunder
[Wed, 24. Feb 2021 13:30:19 UTC | ID 390045370240991234] Nyomud: weather thunder
[Wed, 24. Feb 2021 13:37:26 UTC | ID 390045370240991234] Nyomud: weather thunder
[Wed, 24. Feb 2021 13:53:27 UTC | ID 390045370240991234] Nyomud: restart
[Wed, 24. Feb 2021 14:02:30 UTC | ID 390045370240991234] Nyomud: stop
