[Thu, 25. Feb 2021 02:33:41 UTC | ID 390045370240991234] Nyomud: weather thunder
[Thu, 25. Feb 2021 02:41:48 UTC | ID 390045370240991234] Nyomud: stop
[Thu, 25. Feb 2021 02:58:06 UTC | ID 390045370240991234] Nyomud: give uenthicall cooked_beef 64
[Thu, 25. Feb 2021 02:58:17 UTC | ID 390045370240991234] Nyomud: give unethicall cooked_beef 64
[Thu, 25. Feb 2021 02:58:25 UTC | ID 390045370240991234] Nyomud: weather thunder
[Thu, 25. Feb 2021 03:01:07 UTC | ID 390045370240991234] Nyomud: weather thunder
[Thu, 25. Feb 2021 03:13:21 UTC | ID 390045370240991234] Nyomud: weather thunder
[Thu, 25. Feb 2021 03:18:28 UTC | ID 390045370240991234] Nyomud: weather thunder
[Thu, 25. Feb 2021 03:19:42 UTC | ID 390045370240991234] Nyomud: weather thunder
[Thu, 25. Feb 2021 03:24:56 UTC | ID 390045370240991234] Nyomud: weather thunder
[Thu, 25. Feb 2021 03:29:27 UTC | ID 390045370240991234] Nyomud: weather thunder
[Thu, 25. Feb 2021 03:31:06 UTC | ID 390045370240991234] Nyomud: locate pillager_outpost
[Thu, 25. Feb 2021 03:31:17 UTC | ID 390045370240991234] Nyomud: tp unethicall -928, ~, -432
[Thu, 25. Feb 2021 03:35:32 UTC | ID 390045370240991234] Nyomud: weather thunder
[Thu, 25. Feb 2021 03:40:37 UTC | ID 390045370240991234] Nyomud: weather thunder
[Thu, 25. Feb 2021 03:49:55 UTC | ID 390045370240991234] Nyomud: weather thunder
[Thu, 25. Feb 2021 03:53:47 UTC | ID 390045370240991234] Nyomud: weather thunder
[Thu, 25. Feb 2021 03:57:53 UTC | ID 390045370240991234] Nyomud: weather thunder
[Thu, 25. Feb 2021 04:03:46 UTC | ID 390045370240991234] Nyomud: weather thunder
[Thu, 25. Feb 2021 04:13:48 UTC | ID 390045370240991234] Nyomud: /execute at @e[type=ravager] run summon lightning_bolt
[Thu, 25. Feb 2021 04:13:55 UTC | ID 390045370240991234] Nyomud: execute at @e[type=ravager] run summon lightning_bolt
[Thu, 25. Feb 2021 04:14:54 UTC | ID 390045370240991234] Nyomud: weather thunder
[Thu, 25. Feb 2021 04:14:58 UTC | ID 390045370240991234] Nyomud: execute at @e[type=ravager] run summon lightning_bolt
[Thu, 25. Feb 2021 04:14:58 UTC | ID 390045370240991234] Nyomud: execute at @e[type=ravager] run summon lightning_bolt
[Thu, 25. Feb 2021 04:14:59 UTC | ID 390045370240991234] Nyomud: execute at @e[type=ravager] run summon lightning_bolt
[Thu, 25. Feb 2021 04:14:59 UTC | ID 390045370240991234] Nyomud: execute at @e[type=ravager] run summon lightning_bolt
[Thu, 25. Feb 2021 04:14:59 UTC | ID 390045370240991234] Nyomud: execute at @e[type=ravager] run summon lightning_bolt
[Thu, 25. Feb 2021 04:15:32 UTC | ID 390045370240991234] Nyomud: execute at @e[type=ravager] run summon lightning_bolt
[Thu, 25. Feb 2021 04:15:32 UTC | ID 390045370240991234] Nyomud: execute at @e[type=ravager] run summon lightning_bolt
[Thu, 25. Feb 2021 04:15:33 UTC | ID 390045370240991234] Nyomud: execute at @e[type=ravager] run summon lightning_bolt
[Thu, 25. Feb 2021 04:15:35 UTC | ID 390045370240991234] Nyomud: execute at @e[type=ravager] run summon lightning_boltexecute at @e[type=ravager] run summon lightning_bolt
[Thu, 25. Feb 2021 04:16:07 UTC | ID 390045370240991234] Nyomud: execute at @e[type=ravager] run summon lightning_bolt
[Thu, 25. Feb 2021 04:16:07 UTC | ID 390045370240991234] Nyomud: execute at @e[type=ravager] run summon lightning_bolt
[Thu, 25. Feb 2021 04:16:08 UTC | ID 390045370240991234] Nyomud: execute at @e[type=ravager] run summon lightning_bolt
[Thu, 25. Feb 2021 04:16:08 UTC | ID 390045370240991234] Nyomud: execute at @e[type=ravager] run summon lightning_bolt
[Thu, 25. Feb 2021 04:16:09 UTC | ID 390045370240991234] Nyomud: execute at @e[type=ravager] run summon lightning_boltexecute at @e[type=ravager] run summon lightning_bolt
[Thu, 25. Feb 2021 04:16:18 UTC | ID 390045370240991234] Nyomud: execute at @e[type=ravager] run summon lightning_bolt
[Thu, 25. Feb 2021 04:16:18 UTC | ID 390045370240991234] Nyomud: execute at @e[type=ravager] run summon lightning_bolt
[Thu, 25. Feb 2021 04:16:19 UTC | ID 390045370240991234] Nyomud: execute at @e[type=ravager] run summon lightning_bolt
[Thu, 25. Feb 2021 04:16:19 UTC | ID 390045370240991234] Nyomud: execute at @e[type=ravager] run summon lightning_bolt
[Thu, 25. Feb 2021 04:16:20 UTC | ID 390045370240991234] Nyomud: execute at @e[type=ravager] run summon lightning_boltexecute at @e[type=ravager] run summon lightning_bolt
[Thu, 25. Feb 2021 04:18:31 UTC | ID 390045370240991234] Nyomud: execute at @e[type=vex] run summon lightning_bolt
[Thu, 25. Feb 2021 04:18:33 UTC | ID 390045370240991234] Nyomud: execute at @e[type=vex] run summon lightning_bolt
[Thu, 25. Feb 2021 04:18:34 UTC | ID 390045370240991234] Nyomud: execute at @e[type=vex] run summon lightning_bolt
[Thu, 25. Feb 2021 04:18:35 UTC | ID 390045370240991234] Nyomud: execute at @e[type=vex] run summon lightning_boltexecute at @e[type=vex] run summon lightning_bolt
[Thu, 25. Feb 2021 04:26:40 UTC | ID 390045370240991234] Nyomud: execute at @p run summon villager
[Thu, 25. Feb 2021 04:26:51 UTC | ID 390045370240991234] Nyomud: execute at @p run summon villager
[Thu, 25. Feb 2021 05:01:12 UTC | ID 390045370240991234] Nyomud: gamemode creative unethicall
[Thu, 25. Feb 2021 05:01:12 UTC | ID 510436392615280641] Ryuji: 
[Thu, 25. Feb 2021 05:05:08 UTC | ID 390045370240991234] Nyomud: gamemode survival unethicall
[Thu, 25. Feb 2021 05:05:09 UTC | ID 390045370240991234] Nyomud: -prune 99
[Thu, 25. Feb 2021 05:05:11 UTC | ID 510436392615280641] Ryuji: 
[Thu, 25. Feb 2021 05:05:31 UTC | ID 390045370240991234] Nyomud: give unethicall cooked_beef
[Thu, 25. Feb 2021 05:05:51 UTC | ID 390045370240991234] Nyomud: give unethicall cooked_beef 64
[Thu, 25. Feb 2021 05:05:59 UTC | ID 390045370240991234] Nyomud: weather thunder
[Thu, 25. Feb 2021 05:22:59 UTC | ID 390045370240991234] Nyomud: execute at @p run summon piglin
[Thu, 25. Feb 2021 05:23:00 UTC | ID 510436392615280641] Ryuji: 
[Thu, 25. Feb 2021 05:31:21 UTC | ID 390045370240991234] Nyomud: weather thunder
[Thu, 25. Feb 2021 05:46:48 UTC | ID 390045370240991234] Nyomud: weather thunder
[Thu, 25. Feb 2021 05:46:48 UTC | ID 510436392615280641] Ryuji: 
[Thu, 25. Feb 2021 05:49:09 UTC | ID 390045370240991234] Nyomud: weather thunder
[Thu, 25. Feb 2021 06:02:49 UTC | ID 390045370240991234] Nyomud: gamemode creative unethicall
[Thu, 25. Feb 2021 06:05:21 UTC | ID 390045370240991234] Nyomud: gamemode survival unethicall
[Thu, 25. Feb 2021 06:07:04 UTC | ID 390045370240991234] Nyomud: weather thunder
[Thu, 25. Feb 2021 06:08:04 UTC | ID 390045370240991234] Nyomud: gamemode unethicall creative
[Thu, 25. Feb 2021 06:08:18 UTC | ID 390045370240991234] Nyomud: gamemode creative unethicall
[Thu, 25. Feb 2021 06:09:20 UTC | ID 390045370240991234] Nyomud: gamemode survival unethicall
[Thu, 25. Feb 2021 06:09:23 UTC | ID 390045370240991234] Nyomud: -prune 8
[Thu, 25. Feb 2021 06:09:24 UTC | ID 510436392615280641] Ryuji: 
[Thu, 25. Feb 2021 06:14:05 UTC | ID 390045370240991234] Nyomud: give unethicall grass_block 64
[Thu, 25. Feb 2021 06:22:04 UTC | ID 390045370240991234] Nyomud: give unethicall diamond
[Thu, 25. Feb 2021 06:22:39 UTC | ID 390045370240991234] Nyomud: gamemode unethicall creativ
[Thu, 25. Feb 2021 06:22:48 UTC | ID 390045370240991234] Nyomud: gamemode creative unethicall
[Thu, 25. Feb 2021 06:23:24 UTC | ID 390045370240991234] Nyomud: gamemode survival unethicall
[Thu, 25. Feb 2021 06:23:29 UTC | ID 390045370240991234] Nyomud: -prune 10
[Thu, 25. Feb 2021 06:23:30 UTC | ID 510436392615280641] Ryuji: 
[Thu, 25. Feb 2021 06:23:34 UTC | ID 390045370240991234] Nyomud: -prune 10
[Thu, 25. Feb 2021 06:23:35 UTC | ID 510436392615280641] Ryuji: 
[Thu, 25. Feb 2021 06:25:38 UTC | ID 390045370240991234] Nyomud: weather thunder
[Thu, 25. Feb 2021 06:26:06 UTC | ID 390045370240991234] Nyomud: effect give unethicall bad_omen
[Thu, 25. Feb 2021 06:33:23 UTC | ID 390045370240991234] Nyomud: weather thunder
[Thu, 25. Feb 2021 06:38:48 UTC | ID 390045370240991234] Nyomud: weather thunder
[Thu, 25. Feb 2021 06:45:15 UTC | ID 390045370240991234] Nyomud: gamemode creative unethicall
[Thu, 25. Feb 2021 06:46:40 UTC | ID 390045370240991234] Nyomud: gamemode survival unethicall
[Thu, 25. Feb 2021 06:46:44 UTC | ID 390045370240991234] Nyomud: -prune 99
[Thu, 25. Feb 2021 06:46:45 UTC | ID 510436392615280641] Ryuji: 
[Thu, 25. Feb 2021 07:08:10 UTC | ID 390045370240991234] Nyomud: execute at unethicall run summon wolf
[Thu, 25. Feb 2021 07:16:26 UTC | ID 390045370240991234] Nyomud: reload confirm
[Thu, 25. Feb 2021 07:17:20 UTC | ID 390045370240991234] Nyomud: tabtps toggle
[Thu, 25. Feb 2021 07:17:33 UTC | ID 390045370240991234] Nyomud: tabtps toggle bossbar
[Thu, 25. Feb 2021 07:21:02 UTC | ID 390045370240991234] Nyomud: op unethicall
[Thu, 25. Feb 2021 07:33:22 UTC | ID 390045370240991234] Nyomud: tabtps reload
[Thu, 25. Feb 2021 07:33:57 UTC | ID 390045370240991234] Nyomud: reload confirm
[Thu, 25. Feb 2021 07:44:11 UTC | ID 390045370240991234] Nyomud: give uenthicall cooked_beef 64
[Thu, 25. Feb 2021 07:44:25 UTC | ID 390045370240991234] Nyomud: give unethicall cooked_beef64
[Thu, 25. Feb 2021 07:44:47 UTC | ID 390045370240991234] Nyomud: give unethicall cooked_beef 64
[Thu, 25. Feb 2021 07:45:38 UTC | ID 390045370240991234] Nyomud: weather thunder
[Thu, 25. Feb 2021 07:45:40 UTC | ID 390045370240991234] Nyomud: -prune 99
[Thu, 25. Feb 2021 07:45:42 UTC | ID 510436392615280641] Ryuji: 
[Thu, 25. Feb 2021 07:50:44 UTC | ID 390045370240991234] Nyomud: weather thunder
[Thu, 25. Feb 2021 07:59:52 UTC | ID 390045370240991234] Nyomud: gamerule mobGriefing true
[Thu, 25. Feb 2021 08:04:15 UTC | ID 390045370240991234] Nyomud: weather thunder
[Thu, 25. Feb 2021 08:16:47 UTC | ID 390045370240991234] Nyomud: gamerule mobGriefing false
[Thu, 25. Feb 2021 08:18:29 UTC | ID 390045370240991234] Nyomud: gamemode creative unethicall
[Thu, 25. Feb 2021 08:20:08 UTC | ID 390045370240991234] Nyomud: gamemode creative unethical
[Thu, 25. Feb 2021 08:20:13 UTC | ID 390045370240991234] Nyomud: gamemode survival unethicall
[Thu, 25. Feb 2021 08:24:55 UTC | ID 390045370240991234] Nyomud: weather thunder
[Thu, 25. Feb 2021 08:29:37 UTC | ID 390045370240991234] Nyomud: weather thunder
[Thu, 25. Feb 2021 08:38:30 UTC | ID 390045370240991234] Nyomud: give unethicall diamond_axe
[Thu, 25. Feb 2021 08:46:10 UTC | ID 390045370240991234] Nyomud: weather thunder
[Thu, 25. Feb 2021 08:51:51 UTC | ID 390045370240991234] Nyomud: give unethicall diamond_shovel
[Thu, 25. Feb 2021 08:53:37 UTC | ID 390045370240991234] Nyomud: weather thunder
[Thu, 25. Feb 2021 09:00:55 UTC | ID 390045370240991234] Nyomud: xprune 99
[Thu, 25. Feb 2021 09:01:01 UTC | ID 390045370240991234] Nyomud: -prune 99
[Thu, 25. Feb 2021 09:01:02 UTC | ID 510436392615280641] Ryuji: 
[Thu, 25. Feb 2021 09:01:04 UTC | ID 390045370240991234] Nyomud: weather thunder
[Thu, 25. Feb 2021 09:07:53 UTC | ID 390045370240991234] Nyomud: weather thunder
[Thu, 25. Feb 2021 09:12:58 UTC | ID 390045370240991234] Nyomud: weather thunder
[Thu, 25. Feb 2021 09:15:44 UTC | ID 390045370240991234] Nyomud: summon phantom
[Thu, 25. Feb 2021 09:15:59 UTC | ID 390045370240991234] Nyomud: summon phantom
[Thu, 25. Feb 2021 09:15:59 UTC | ID 390045370240991234] Nyomud: summon phantom
[Thu, 25. Feb 2021 09:16:00 UTC | ID 390045370240991234] Nyomud: summon phantom
[Thu, 25. Feb 2021 09:16:00 UTC | ID 390045370240991234] Nyomud: summon phantom
[Thu, 25. Feb 2021 09:16:01 UTC | ID 390045370240991234] Nyomud: summon phantom
[Thu, 25. Feb 2021 09:16:01 UTC | ID 390045370240991234] Nyomud: summon phantom
[Thu, 25. Feb 2021 09:16:13 UTC | ID 390045370240991234] Nyomud: summon zombie
[Thu, 25. Feb 2021 09:16:14 UTC | ID 390045370240991234] Nyomud: summon zombie
[Thu, 25. Feb 2021 09:16:14 UTC | ID 390045370240991234] Nyomud: summon zombie
[Thu, 25. Feb 2021 09:16:15 UTC | ID 390045370240991234] Nyomud: summon zombie
[Thu, 25. Feb 2021 09:16:15 UTC | ID 390045370240991234] Nyomud: summon zombie
[Thu, 25. Feb 2021 09:16:16 UTC | ID 390045370240991234] Nyomud: summon zombie
[Thu, 25. Feb 2021 09:16:16 UTC | ID 390045370240991234] Nyomud: summon zombie
[Thu, 25. Feb 2021 09:16:17 UTC | ID 390045370240991234] Nyomud: summon zombie
[Thu, 25. Feb 2021 09:16:17 UTC | ID 390045370240991234] Nyomud: summon zombie
[Thu, 25. Feb 2021 09:16:17 UTC | ID 390045370240991234] Nyomud: summon zombie
[Thu, 25. Feb 2021 09:16:24 UTC | ID 390045370240991234] Nyomud: summon zombie
[Thu, 25. Feb 2021 09:16:24 UTC | ID 390045370240991234] Nyomud: summon zombie
[Thu, 25. Feb 2021 09:16:24 UTC | ID 390045370240991234] Nyomud: -prune 99
[Thu, 25. Feb 2021 09:16:25 UTC | ID 510436392615280641] Ryuji: 
[Thu, 25. Feb 2021 09:18:15 UTC | ID 390045370240991234] Nyomud: weather thunder
[Thu, 25. Feb 2021 09:18:16 UTC | ID 390045370240991234] Nyomud: summon zombie
[Thu, 25. Feb 2021 09:18:17 UTC | ID 390045370240991234] Nyomud: summon zombie
[Thu, 25. Feb 2021 09:18:18 UTC | ID 390045370240991234] Nyomud: summon zombie
[Thu, 25. Feb 2021 09:18:18 UTC | ID 390045370240991234] Nyomud: summon zombie
[Thu, 25. Feb 2021 09:18:18 UTC | ID 390045370240991234] Nyomud: summon zombie
[Thu, 25. Feb 2021 09:18:19 UTC | ID 390045370240991234] Nyomud: summon zombie
[Thu, 25. Feb 2021 09:18:19 UTC | ID 390045370240991234] Nyomud: summon zombie
[Thu, 25. Feb 2021 09:18:19 UTC | ID 390045370240991234] Nyomud: summon zombie
[Thu, 25. Feb 2021 09:18:20 UTC | ID 390045370240991234] Nyomud: summon zombie
[Thu, 25. Feb 2021 09:18:26 UTC | ID 390045370240991234] Nyomud: summon zombie
[Thu, 25. Feb 2021 09:18:26 UTC | ID 390045370240991234] Nyomud: summon zombie
[Thu, 25. Feb 2021 09:18:26 UTC | ID 390045370240991234] Nyomud: summon zombie
[Thu, 25. Feb 2021 09:18:27 UTC | ID 390045370240991234] Nyomud: summon zombie
[Thu, 25. Feb 2021 09:18:27 UTC | ID 390045370240991234] Nyomud: summon zombie
[Thu, 25. Feb 2021 09:18:28 UTC | ID 390045370240991234] Nyomud: summon zombie
[Thu, 25. Feb 2021 09:18:50 UTC | ID 390045370240991234] Nyomud: -prune 99
[Thu, 25. Feb 2021 09:18:51 UTC | ID 510436392615280641] Ryuji: 
[Thu, 25. Feb 2021 09:19:18 UTC | ID 390045370240991234] Nyomud: -prune 99
[Thu, 25. Feb 2021 09:19:19 UTC | ID 510436392615280641] Ryuji: 
[Thu, 25. Feb 2021 09:19:22 UTC | ID 390045370240991234] Nyomud: summon zombie
[Thu, 25. Feb 2021 09:19:22 UTC | ID 390045370240991234] Nyomud: summon zombie
[Thu, 25. Feb 2021 09:19:22 UTC | ID 390045370240991234] Nyomud: summon zombie
[Thu, 25. Feb 2021 09:19:23 UTC | ID 390045370240991234] Nyomud: summon zombie
[Thu, 25. Feb 2021 09:19:23 UTC | ID 390045370240991234] Nyomud: summon zombie
[Thu, 25. Feb 2021 09:19:24 UTC | ID 390045370240991234] Nyomud: summon zombie
[Thu, 25. Feb 2021 09:19:24 UTC | ID 390045370240991234] Nyomud: summon zombie
[Thu, 25. Feb 2021 09:19:24 UTC | ID 390045370240991234] Nyomud: summon zombie
[Thu, 25. Feb 2021 09:19:25 UTC | ID 390045370240991234] Nyomud: summon zombie
[Thu, 25. Feb 2021 09:19:28 UTC | ID 390045370240991234] Nyomud: summon zombie
[Thu, 25. Feb 2021 09:19:28 UTC | ID 390045370240991234] Nyomud: summon zombie
[Thu, 25. Feb 2021 09:23:31 UTC | ID 390045370240991234] Nyomud: weather thunder
[Thu, 25. Feb 2021 09:23:37 UTC | ID 390045370240991234] Nyomud: summon zombie
[Thu, 25. Feb 2021 09:23:37 UTC | ID 390045370240991234] Nyomud: summon zombie
[Thu, 25. Feb 2021 09:23:38 UTC | ID 390045370240991234] Nyomud: summon zombie
[Thu, 25. Feb 2021 09:23:38 UTC | ID 390045370240991234] Nyomud: summon zombie
[Thu, 25. Feb 2021 09:23:39 UTC | ID 390045370240991234] Nyomud: summon zombie
[Thu, 25. Feb 2021 09:23:39 UTC | ID 390045370240991234] Nyomud: summon zombie
[Thu, 25. Feb 2021 09:23:39 UTC | ID 390045370240991234] Nyomud: summon zombie
[Thu, 25. Feb 2021 09:23:40 UTC | ID 390045370240991234] Nyomud: summon zombie
[Thu, 25. Feb 2021 09:23:41 UTC | ID 390045370240991234] Nyomud: summon zombie
[Thu, 25. Feb 2021 09:27:40 UTC | ID 390045370240991234] Nyomud: tp unethicall h29id
[Thu, 25. Feb 2021 09:28:03 UTC | ID 390045370240991234] Nyomud: tp h29id unethicall
[Thu, 25. Feb 2021 09:29:32 UTC | ID 390045370240991234] Nyomud: give unethicall bee_spawn_egg 7
[Thu, 25. Feb 2021 09:29:52 UTC | ID 390045370240991234] Nyomud: -prune 99
[Thu, 25. Feb 2021 09:29:53 UTC | ID 510436392615280641] Ryuji: 
[Thu, 25. Feb 2021 09:50:11 UTC | ID 390045370240991234] Nyomud: weather thunder
[Thu, 25. Feb 2021 10:03:36 UTC | ID 390045370240991234] Nyomud: give unethicall cobblestone 64
[Thu, 25. Feb 2021 10:04:43 UTC | ID 390045370240991234] Nyomud: op h29id
[Thu, 25. Feb 2021 10:05:59 UTC | ID 390045370240991234] Nyomud: gamemode creative unethicall
[Thu, 25. Feb 2021 10:06:12 UTC | ID 390045370240991234] Nyomud: gamemode survival unethicall
[Thu, 25. Feb 2021 10:07:56 UTC | ID 390045370240991234] Nyomud: gamemode creative unethicall
[Thu, 25. Feb 2021 10:13:03 UTC | ID 390045370240991234] Nyomud: gamemode creative unethicall
[Thu, 25. Feb 2021 10:16:23 UTC | ID 390045370240991234] Nyomud: deop @a
[Thu, 25. Feb 2021 10:45:34 UTC | ID 390045370240991234] Nyomud: gamemode survival unethicall
[Thu, 25. Feb 2021 10:46:50 UTC | ID 390045370240991234] Nyomud: weather thunder
[Thu, 25. Feb 2021 10:46:53 UTC | ID 390045370240991234] Nyomud: -prune 99
[Thu, 25. Feb 2021 10:46:54 UTC | ID 510436392615280641] Ryuji: 
[Thu, 25. Feb 2021 10:53:13 UTC | ID 390045370240991234] Nyomud: weather thunder
[Thu, 25. Feb 2021 10:59:16 UTC | ID 390045370240991234] Nyomud: op unethicall
[Thu, 25. Feb 2021 11:26:21 UTC | ID 390045370240991234] Nyomud: -prune 99
[Thu, 25. Feb 2021 11:26:23 UTC | ID 510436392615280641] Ryuji: 
[Thu, 25. Feb 2021 11:26:24 UTC | ID 390045370240991234] Nyomud: -prune 99
[Thu, 25. Feb 2021 11:26:24 UTC | ID 510436392615280641] Ryuji: 
[Thu, 25. Feb 2021 11:26:29 UTC | ID 390045370240991234] Nyomud: -prune 99
[Thu, 25. Feb 2021 11:26:30 UTC | ID 510436392615280641] Ryuji: 
[Thu, 25. Feb 2021 11:27:26 UTC | ID 390045370240991234] Nyomud: weather thunder
[Thu, 25. Feb 2021 11:48:22 UTC | ID 390045370240991234] Nyomud: weather thunder
[Thu, 25. Feb 2021 11:48:23 UTC | ID 510436392615280641] Ryuji: 
